2018-08-01 11:06:53,483 - com.chin.wa.Controller - INFO - Select From Table Messages
2018-08-01 11:06:54,285 - com.chin.wa.Controller - INFO - Select From Table Messages
2018-08-01 11:06:55,087 - com.chin.wa.Controller - INFO - Select From Table Messages
2018-08-01 11:06:55,890 - com.chin.wa.Controller - INFO - Select From Table Messages
2018-08-01 11:06:56,691 - com.chin.wa.Controller - INFO - Select From Table Messages
2018-08-01 11:06:57,492 - com.chin.wa.Controller - INFO - Select From Table Messages
2018-08-01 11:06:58,292 - com.chin.wa.Controller - INFO - Select From Table Messages
2018-08-01 11:06:59,094 - com.chin.wa.Controller - INFO - Select From Table Messages
2018-08-01 11:06:59,894 - com.chin.wa.Controller - INFO - Select From Table Messages
2018-08-01 11:07:00,982 - com.chin.wa.Controller - INFO - Select From Table Messages
2018-08-01 11:07:01,783 - com.chin.wa.Controller - INFO - Select From Table Messages
2018-08-01 11:07:02,583 - com.chin.wa.Controller - INFO - Select From Table Messages
2018-08-01 11:07:03,385 - com.chin.wa.Controller - INFO - Select From Table Messages
2018-08-01 11:07:04,187 - com.chin.wa.Controller - INFO - Select From Table Messages
2018-08-01 11:07:04,987 - com.chin.wa.Controller - INFO - Select From Table Messages
2018-08-01 11:07:05,789 - com.chin.wa.Controller - INFO - Select From Table Messages
2018-08-01 11:07:06,590 - com.chin.wa.Controller - INFO - Select From Table Messages
2018-08-01 11:07:07,392 - com.chin.wa.Controller - INFO - Select From Table Messages
2018-08-01 11:07:08,193 - com.chin.wa.Controller - INFO - Select From Table Messages
2018-08-01 11:07:08,994 - com.chin.wa.Controller - INFO - Select From Table Messages
2018-08-01 11:07:09,794 - com.chin.wa.Controller - INFO - Select From Table Messages
2018-08-01 11:07:10,596 - com.chin.wa.Controller - INFO - Select From Table Messages
2018-08-01 11:07:11,397 - com.chin.wa.Controller - INFO - Select From Table Messages
2018-08-01 11:07:12,206 - com.chin.wa.Controller - INFO - Select From Table Messages
2018-08-01 11:07:13,007 - com.chin.wa.Controller - INFO - Select From Table Messages
2018-08-01 11:07:13,808 - com.chin.wa.Controller - INFO - Select From Table Messages
2018-08-01 11:07:14,610 - com.chin.wa.Controller - INFO - Select From Table Messages
2018-08-01 11:07:15,435 - com.chin.wa.Controller - INFO - Select From Table Messages
2018-08-01 11:07:16,236 - com.chin.wa.Controller - INFO - Select From Table Messages
2018-08-01 11:07:17,036 - com.chin.wa.Controller - INFO - Select From Table Messages
2018-08-01 11:07:17,837 - com.chin.wa.Controller - INFO - Select From Table Messages
2018-08-01 11:07:18,638 - com.chin.wa.Controller - INFO - Select From Table Messages
2018-08-01 11:07:19,439 - com.chin.wa.Controller - INFO - Select From Table Messages
2018-08-01 11:07:20,240 - com.chin.wa.Controller - INFO - Select From Table Messages
2018-08-01 11:07:21,041 - com.chin.wa.Controller - INFO - Select From Table Messages
2018-08-01 11:07:21,843 - com.chin.wa.Controller - INFO - Select From Table Messages
2018-08-01 11:07:22,645 - com.chin.wa.Controller - INFO - Select From Table Messages
2018-08-01 11:07:23,446 - com.chin.wa.Controller - INFO - Select From Table Messages
2018-08-01 11:07:24,248 - com.chin.wa.Controller - INFO - Select From Table Messages
2018-08-01 11:07:25,049 - com.chin.wa.Controller - INFO - Select From Table Messages
2018-08-01 11:07:25,851 - com.chin.wa.Controller - INFO - Select From Table Messages
2018-08-01 11:07:26,653 - com.chin.wa.Controller - INFO - Select From Table Messages
2018-08-01 11:07:27,463 - com.chin.wa.Controller - INFO - Select From Table Messages
2018-08-01 11:07:28,268 - com.chin.wa.Controller - INFO - Select From Table Messages
2018-08-01 11:07:29,069 - com.chin.wa.Controller - INFO - Select From Table Messages
2018-08-01 11:07:29,870 - com.chin.wa.Controller - INFO - Select From Table Messages
2018-08-01 11:07:30,675 - com.chin.wa.Controller - INFO - Select From Table Messages
2018-08-01 11:07:31,477 - com.chin.wa.Controller - INFO - Select From Table Messages
2018-08-01 11:07:32,277 - com.chin.wa.Controller - INFO - Select From Table Messages
2018-08-01 11:07:33,078 - com.chin.wa.Controller - INFO - Select From Table Messages
2018-08-01 11:07:33,882 - com.chin.wa.Controller - INFO - Select From Table Messages
2018-08-01 11:07:34,683 - com.chin.wa.Controller - INFO - Select From Table Messages
2018-08-01 11:07:35,484 - com.chin.wa.Controller - INFO - Select From Table Messages
2018-08-01 11:07:36,285 - com.chin.wa.Controller - INFO - Select From Table Messages
2018-08-01 11:07:37,085 - com.chin.wa.Controller - INFO - Select From Table Messages
2018-08-01 11:07:37,887 - com.chin.wa.Controller - INFO - Select From Table Messages
2018-08-01 11:07:38,687 - com.chin.wa.Controller - INFO - Select From Table Messages
2018-08-01 11:07:39,488 - com.chin.wa.Controller - INFO - Select From Table Messages
2018-08-01 11:07:40,290 - com.chin.wa.Controller - INFO - Select From Table Messages
2018-08-01 11:07:41,092 - com.chin.wa.Controller - INFO - Select From Table Messages
2018-08-01 11:07:41,892 - com.chin.wa.Controller - INFO - Select From Table Messages
2018-08-01 11:07:42,692 - com.chin.wa.Controller - INFO - Select From Table Messages
2018-08-01 11:07:43,493 - com.chin.wa.Controller - INFO - Select From Table Messages
2018-08-01 11:07:44,293 - com.chin.wa.Controller - INFO - Select From Table Messages
2018-08-01 11:07:45,093 - com.chin.wa.Controller - INFO - Select From Table Messages
2018-08-01 11:07:45,895 - com.chin.wa.Controller - INFO - Select From Table Messages
2018-08-01 11:07:46,695 - com.chin.wa.Controller - INFO - Select From Table Messages
2018-08-01 11:07:47,495 - com.chin.wa.Controller - INFO - Select From Table Messages
2018-08-01 11:07:48,295 - com.chin.wa.Controller - INFO - Select From Table Messages
2018-08-01 11:07:49,096 - com.chin.wa.Controller - INFO - Select From Table Messages
2018-08-01 11:07:49,897 - com.chin.wa.Controller - INFO - Select From Table Messages
2018-08-01 11:07:50,698 - com.chin.wa.Controller - INFO - Select From Table Messages
2018-08-01 11:07:51,500 - com.chin.wa.Controller - INFO - Select From Table Messages
2018-08-01 11:07:52,300 - com.chin.wa.Controller - INFO - Select From Table Messages
2018-08-01 11:07:53,101 - com.chin.wa.Controller - INFO - Select From Table Messages
2018-08-01 11:07:53,901 - com.chin.wa.Controller - INFO - Select From Table Messages
2018-08-01 11:07:54,702 - com.chin.wa.Controller - INFO - Select From Table Messages
2018-08-01 11:07:55,502 - com.chin.wa.Controller - INFO - Select From Table Messages
2018-08-01 11:07:56,302 - com.chin.wa.Controller - INFO - Select From Table Messages
2018-08-01 11:07:57,102 - com.chin.wa.Controller - INFO - Select From Table Messages
2018-08-01 11:07:57,903 - com.chin.wa.Controller - INFO - Select From Table Messages
2018-08-01 11:07:58,703 - com.chin.wa.Controller - INFO - Select From Table Messages
2018-08-01 11:07:59,504 - com.chin.wa.Controller - INFO - Select From Table Messages
2018-08-01 11:08:00,304 - com.chin.wa.Controller - INFO - Select From Table Messages
2018-08-01 11:08:01,105 - com.chin.wa.Controller - INFO - Select From Table Messages
2018-08-01 11:13:17,373 - com.chin.wa.Configuration - INFO - Load config from resource: wa.properties
2018-08-01 11:13:17,856 - com.chin.wa.ConnectionManager - INFO - Trying to connect to database jdbc:mysql://localhost/whatsapp?autoReconnect=true&characterEncoding=UTF-8...
2018-08-01 11:13:18,244 - com.chin.wa.ConnectionManager - INFO - Connection attempt to database succeeded.
2018-08-01 11:13:18,248 - com.chin.wa.Controller - INFO - Select From Table Messages
2018-08-01 11:13:19,049 - com.chin.wa.Controller - INFO - Select From Table Messages
2018-08-01 11:13:19,850 - com.chin.wa.Controller - INFO - Select From Table Messages
2018-08-01 11:13:20,651 - com.chin.wa.Controller - INFO - Select From Table Messages
2018-08-01 11:13:21,454 - com.chin.wa.Controller - INFO - Select From Table Messages
2018-08-01 11:13:22,255 - com.chin.wa.Controller - INFO - Select From Table Messages
2018-08-01 11:13:23,057 - com.chin.wa.Controller - INFO - Select From Table Messages
2018-08-01 11:13:23,858 - com.chin.wa.Controller - INFO - Select From Table Messages
2018-08-01 11:13:24,659 - com.chin.wa.Controller - INFO - Select From Table Messages
2018-08-01 11:13:25,460 - com.chin.wa.Controller - INFO - Select From Table Messages
2018-08-01 11:13:26,262 - com.chin.wa.Controller - INFO - Select From Table Messages
2018-08-01 11:13:27,066 - com.chin.wa.Controller - INFO - Select From Table Messages
2018-08-01 11:13:27,868 - com.chin.wa.Controller - INFO - Select From Table Messages
2018-08-01 11:13:28,668 - com.chin.wa.Controller - INFO - Select From Table Messages
2018-08-01 11:13:29,468 - com.chin.wa.Controller - INFO - Select From Table Messages
2018-08-01 11:13:30,269 - com.chin.wa.Controller - INFO - Select From Table Messages
2018-08-01 11:13:31,069 - com.chin.wa.Controller - INFO - Select From Table Messages
2018-08-01 11:13:31,870 - com.chin.wa.Controller - INFO - Select From Table Messages
2018-08-01 11:13:32,671 - com.chin.wa.Controller - INFO - Select From Table Messages
2018-08-01 11:13:33,472 - com.chin.wa.Controller - INFO - Select From Table Messages
2018-08-01 11:13:34,274 - com.chin.wa.Controller - INFO - Select From Table Messages
2018-08-01 11:13:35,075 - com.chin.wa.Controller - INFO - Select From Table Messages
2018-08-01 11:13:35,876 - com.chin.wa.Controller - INFO - Select From Table Messages
2018-08-01 11:13:36,677 - com.chin.wa.Controller - INFO - Select From Table Messages
2018-08-01 11:13:37,478 - com.chin.wa.Controller - INFO - Select From Table Messages
2018-08-01 11:13:38,279 - com.chin.wa.Controller - INFO - Select From Table Messages
2018-08-01 11:13:39,081 - com.chin.wa.Controller - INFO - Select From Table Messages
2018-08-01 11:13:39,883 - com.chin.wa.Controller - INFO - Select From Table Messages
2018-08-01 11:13:40,683 - com.chin.wa.Controller - INFO - Select From Table Messages
2018-08-01 11:13:41,484 - com.chin.wa.Controller - INFO - Select From Table Messages
2018-08-01 11:13:42,286 - com.chin.wa.Controller - INFO - Select From Table Messages
2018-08-01 11:13:43,089 - com.chin.wa.Controller - INFO - Select From Table Messages
2018-08-01 11:13:43,889 - com.chin.wa.Controller - INFO - Select From Table Messages
2018-08-01 11:13:44,689 - com.chin.wa.Controller - INFO - Select From Table Messages
2018-08-01 11:13:45,489 - com.chin.wa.Controller - INFO - Select From Table Messages
2018-08-01 11:13:46,290 - com.chin.wa.Controller - INFO - Select From Table Messages
2018-08-01 11:13:47,091 - com.chin.wa.Controller - INFO - Select From Table Messages
2018-08-01 11:13:47,892 - com.chin.wa.Controller - INFO - Select From Table Messages
2018-08-01 11:13:48,693 - com.chin.wa.Controller - INFO - Select From Table Messages
2018-08-01 11:13:49,494 - com.chin.wa.Controller - INFO - Select From Table Messages
2018-08-01 11:13:49,500 - com.chin.wa.ChatAPIProtocol - INFO - 0
2018-08-01 11:13:49,501 - com.chin.wa.Controller - INFO - Select From Table Messages
2018-08-01 11:13:49,507 - com.chin.wa.ChatAPIProtocol - INFO - 0
2018-08-01 11:13:49,508 - com.chin.wa.Controller - INFO - Select From Table Messages
2018-08-01 11:13:49,550 - com.chin.wa.ChatAPIProtocol - INFO - 0
2018-08-01 11:13:49,551 - com.chin.wa.Controller - INFO - Select From Table Messages
2018-08-01 11:13:49,555 - com.chin.wa.ChatAPIProtocol - INFO - 0
2018-08-01 11:13:49,556 - com.chin.wa.Controller - INFO - Select From Table Messages
2018-08-01 11:16:43,826 - com.chin.wa.Configuration - INFO - Load config from resource: wa.properties
2018-08-01 11:16:44,227 - com.chin.wa.ConnectionManager - INFO - Trying to connect to database jdbc:mysql://localhost/whatsapp?autoReconnect=true&characterEncoding=UTF-8...
2018-08-01 11:16:44,582 - com.chin.wa.ConnectionManager - INFO - Connection attempt to database succeeded.
2018-08-01 11:16:44,587 - com.chin.wa.Controller - INFO - Select From Table Messages
2018-08-01 11:16:44,803 - com.chin.wa.ChatAPIProtocol - INFO - https://eu10.chat-api.com/instance7868/message?token=7b31pkn2p00jdcqjphone=6289613501504&body=testing wa
2018-08-01 11:16:45,761 - com.chin.wa.ChatAPIProtocol - INFO - {"sent":true,"message":"Sent to 6289613501504@c.us"}
2018-08-01 11:16:45,853 - com.chin.wa.ChatAPIProtocol - INFO - Sent to 6289613501504@c.us
2018-08-01 11:16:46,653 - com.chin.wa.Controller - INFO - Select From Table Messages
2018-08-01 11:16:47,454 - com.chin.wa.Controller - INFO - Select From Table Messages
2018-08-01 11:16:48,255 - com.chin.wa.Controller - INFO - Select From Table Messages
2018-08-01 11:16:49,056 - com.chin.wa.Controller - INFO - Select From Table Messages
2018-08-01 11:16:49,858 - com.chin.wa.Controller - INFO - Select From Table Messages
2018-08-01 11:16:50,659 - com.chin.wa.Controller - INFO - Select From Table Messages
2018-08-01 11:16:51,460 - com.chin.wa.Controller - INFO - Select From Table Messages
2018-08-01 11:16:52,262 - com.chin.wa.Controller - INFO - Select From Table Messages
2018-08-01 11:16:53,066 - com.chin.wa.Controller - INFO - Select From Table Messages
2018-08-01 11:16:53,867 - com.chin.wa.Controller - INFO - Select From Table Messages
2018-08-01 11:16:54,667 - com.chin.wa.Controller - INFO - Select From Table Messages
2018-08-01 11:16:55,469 - com.chin.wa.Controller - INFO - Select From Table Messages
2018-08-01 11:16:56,271 - com.chin.wa.Controller - INFO - Select From Table Messages
2018-08-01 11:16:57,071 - com.chin.wa.Controller - INFO - Select From Table Messages
2018-08-01 11:16:57,872 - com.chin.wa.Controller - INFO - Select From Table Messages
2018-08-01 11:16:58,673 - com.chin.wa.Controller - INFO - Select From Table Messages
2018-08-01 11:16:59,474 - com.chin.wa.Controller - INFO - Select From Table Messages
2018-08-01 11:17:00,275 - com.chin.wa.Controller - INFO - Select From Table Messages
2018-08-01 11:17:01,076 - com.chin.wa.Controller - INFO - Select From Table Messages
2018-08-01 11:17:01,876 - com.chin.wa.Controller - INFO - Select From Table Messages
2018-08-01 11:17:02,677 - com.chin.wa.Controller - INFO - Select From Table Messages
2018-08-01 11:17:03,477 - com.chin.wa.Controller - INFO - Select From Table Messages
2018-08-01 11:17:04,278 - com.chin.wa.Controller - INFO - Select From Table Messages
2018-08-01 11:17:05,079 - com.chin.wa.Controller - INFO - Select From Table Messages
2018-08-01 11:17:05,881 - com.chin.wa.Controller - INFO - Select From Table Messages
2018-08-01 11:17:06,682 - com.chin.wa.Controller - INFO - Select From Table Messages
2018-08-01 11:17:07,482 - com.chin.wa.Controller - INFO - Select From Table Messages
2018-08-01 11:17:08,283 - com.chin.wa.Controller - INFO - Select From Table Messages
2018-08-01 11:17:09,083 - com.chin.wa.Controller - INFO - Select From Table Messages
2018-08-01 11:17:09,884 - com.chin.wa.Controller - INFO - Select From Table Messages
2018-08-01 11:17:10,684 - com.chin.wa.Controller - INFO - Select From Table Messages
2018-08-01 11:17:11,485 - com.chin.wa.Controller - INFO - Select From Table Messages
2018-08-01 11:17:12,285 - com.chin.wa.Controller - INFO - Select From Table Messages
2018-08-01 11:17:13,086 - com.chin.wa.Controller - INFO - Select From Table Messages
2018-08-01 11:17:13,887 - com.chin.wa.Controller - INFO - Select From Table Messages
2018-08-01 11:17:14,688 - com.chin.wa.Controller - INFO - Select From Table Messages
2018-08-01 11:17:15,488 - com.chin.wa.Controller - INFO - Select From Table Messages
2018-08-01 11:17:16,288 - com.chin.wa.Controller - INFO - Select From Table Messages
2018-08-01 11:17:17,089 - com.chin.wa.Controller - INFO - Select From Table Messages
2018-08-01 11:17:17,890 - com.chin.wa.Controller - INFO - Select From Table Messages
2018-08-01 11:17:18,692 - com.chin.wa.Controller - INFO - Select From Table Messages
2018-08-01 11:17:19,492 - com.chin.wa.Controller - INFO - Select From Table Messages
2018-08-01 11:17:20,294 - com.chin.wa.Controller - INFO - Select From Table Messages
2018-08-01 11:17:21,095 - com.chin.wa.Controller - INFO - Select From Table Messages
2018-08-01 11:17:21,895 - com.chin.wa.Controller - INFO - Select From Table Messages
2018-08-01 11:17:22,697 - com.chin.wa.Controller - INFO - Select From Table Messages
2018-08-01 11:17:23,498 - com.chin.wa.Controller - INFO - Select From Table Messages
2018-08-01 11:17:24,298 - com.chin.wa.Controller - INFO - Select From Table Messages
2018-08-01 11:17:25,100 - com.chin.wa.Controller - INFO - Select From Table Messages
2018-08-01 11:17:25,901 - com.chin.wa.Controller - INFO - Select From Table Messages
2018-08-01 11:17:26,701 - com.chin.wa.Controller - INFO - Select From Table Messages
2018-08-01 11:17:27,501 - com.chin.wa.Controller - INFO - Select From Table Messages
2018-08-01 11:17:28,302 - com.chin.wa.Controller - INFO - Select From Table Messages
2018-08-01 11:17:29,102 - com.chin.wa.Controller - INFO - Select From Table Messages
2018-08-01 11:17:29,903 - com.chin.wa.Controller - INFO - Select From Table Messages
2018-08-01 11:17:29,904 - com.chin.wa.ChatAPIProtocol - INFO - https://eu10.chat-api.com/instance7868/message?token=7b31pkn2p00jdcqjphone=6289613501504&body=testing wa
2018-08-01 11:17:30,766 - com.chin.wa.ChatAPIProtocol - INFO - {"sent":true,"message":"Sent to 6289613501504@c.us"}
2018-08-01 11:17:30,913 - com.chin.wa.ChatAPIProtocol - INFO - Sent to 6289613501504@c.us
2018-08-01 11:17:31,714 - com.chin.wa.Controller - INFO - Select From Table Messages
2018-08-01 11:17:32,515 - com.chin.wa.Controller - INFO - Select From Table Messages
2018-08-01 11:17:33,315 - com.chin.wa.Controller - INFO - Select From Table Messages
2018-08-01 11:17:34,115 - com.chin.wa.Controller - INFO - Select From Table Messages
2018-08-01 11:17:34,916 - com.chin.wa.Controller - INFO - Select From Table Messages
2018-08-01 11:17:35,716 - com.chin.wa.Controller - INFO - Select From Table Messages
2018-08-01 11:17:36,516 - com.chin.wa.Controller - INFO - Select From Table Messages
2018-08-01 11:17:37,317 - com.chin.wa.Controller - INFO - Select From Table Messages
2018-08-01 11:17:38,117 - com.chin.wa.Controller - INFO - Select From Table Messages
2018-08-01 11:17:38,918 - com.chin.wa.Controller - INFO - Select From Table Messages
2018-08-01 11:17:39,719 - com.chin.wa.Controller - INFO - Select From Table Messages
2018-08-01 11:17:40,521 - com.chin.wa.Controller - INFO - Select From Table Messages
2018-08-01 11:17:41,321 - com.chin.wa.Controller - INFO - Select From Table Messages
2018-08-01 11:17:42,121 - com.chin.wa.Controller - INFO - Select From Table Messages
2018-08-01 11:17:42,922 - com.chin.wa.Controller - INFO - Select From Table Messages
2018-08-01 11:17:43,723 - com.chin.wa.Controller - INFO - Select From Table Messages
2018-08-01 11:17:44,523 - com.chin.wa.Controller - INFO - Select From Table Messages
2018-08-01 11:17:45,324 - com.chin.wa.Controller - INFO - Select From Table Messages
2018-08-01 11:17:46,124 - com.chin.wa.Controller - INFO - Select From Table Messages
2018-08-01 11:17:46,925 - com.chin.wa.Controller - INFO - Select From Table Messages
2018-08-01 11:17:47,725 - com.chin.wa.Controller - INFO - Select From Table Messages
2018-08-01 11:17:48,525 - com.chin.wa.Controller - INFO - Select From Table Messages
2018-08-01 11:17:49,326 - com.chin.wa.Controller - INFO - Select From Table Messages
2018-08-01 11:17:50,127 - com.chin.wa.Controller - INFO - Select From Table Messages
2018-08-01 11:17:50,927 - com.chin.wa.Controller - INFO - Select From Table Messages
2018-08-01 11:17:51,727 - com.chin.wa.Controller - INFO - Select From Table Messages
2018-08-01 11:17:52,528 - com.chin.wa.Controller - INFO - Select From Table Messages
2018-08-01 11:17:53,329 - com.chin.wa.Controller - INFO - Select From Table Messages
2018-08-01 11:17:54,129 - com.chin.wa.Controller - INFO - Select From Table Messages
2018-08-01 11:17:54,930 - com.chin.wa.Controller - INFO - Select From Table Messages
2018-08-01 11:17:55,730 - com.chin.wa.Controller - INFO - Select From Table Messages
2018-08-01 11:17:56,530 - com.chin.wa.Controller - INFO - Select From Table Messages
2018-08-01 11:17:57,331 - com.chin.wa.Controller - INFO - Select From Table Messages
2018-08-01 11:17:58,131 - com.chin.wa.Controller - INFO - Select From Table Messages
2018-08-01 11:17:58,932 - com.chin.wa.Controller - INFO - Select From Table Messages
2018-08-01 11:17:59,733 - com.chin.wa.Controller - INFO - Select From Table Messages
2018-08-01 11:18:00,533 - com.chin.wa.Controller - INFO - Select From Table Messages
2018-08-01 11:18:01,334 - com.chin.wa.Controller - INFO - Select From Table Messages
2018-08-01 11:18:02,134 - com.chin.wa.Controller - INFO - Select From Table Messages
2018-08-01 11:18:02,935 - com.chin.wa.Controller - INFO - Select From Table Messages
2018-08-01 11:18:03,736 - com.chin.wa.Controller - INFO - Select From Table Messages
2018-08-01 11:18:04,536 - com.chin.wa.Controller - INFO - Select From Table Messages
2018-08-01 11:18:05,337 - com.chin.wa.Controller - INFO - Select From Table Messages
2018-08-01 11:18:06,137 - com.chin.wa.Controller - INFO - Select From Table Messages
2018-08-01 11:18:06,938 - com.chin.wa.Controller - INFO - Select From Table Messages
2018-08-01 11:18:07,739 - com.chin.wa.Controller - INFO - Select From Table Messages
2018-08-01 11:18:08,539 - com.chin.wa.Controller - INFO - Select From Table Messages
2018-08-01 11:18:09,340 - com.chin.wa.Controller - INFO - Select From Table Messages
2018-08-01 11:18:10,141 - com.chin.wa.Controller - INFO - Select From Table Messages
2018-08-01 11:18:10,941 - com.chin.wa.Controller - INFO - Select From Table Messages
2018-08-01 11:18:11,742 - com.chin.wa.Controller - INFO - Select From Table Messages
2018-08-01 11:18:12,542 - com.chin.wa.Controller - INFO - Select From Table Messages
2018-08-01 11:18:13,342 - com.chin.wa.Controller - INFO - Select From Table Messages
2018-08-01 11:18:14,143 - com.chin.wa.Controller - INFO - Select From Table Messages
2018-08-01 11:18:14,943 - com.chin.wa.Controller - INFO - Select From Table Messages
2018-08-01 11:18:15,745 - com.chin.wa.Controller - INFO - Select From Table Messages
2018-08-01 11:18:16,545 - com.chin.wa.Controller - INFO - Select From Table Messages
2018-08-01 11:18:17,347 - com.chin.wa.Controller - INFO - Select From Table Messages
2018-08-01 11:18:18,147 - com.chin.wa.Controller - INFO - Select From Table Messages
2018-08-01 11:18:18,947 - com.chin.wa.Controller - INFO - Select From Table Messages
2018-08-01 11:18:19,748 - com.chin.wa.Controller - INFO - Select From Table Messages
2018-08-01 11:18:20,549 - com.chin.wa.Controller - INFO - Select From Table Messages
2018-08-01 11:18:21,349 - com.chin.wa.Controller - INFO - Select From Table Messages
2018-08-01 11:18:22,151 - com.chin.wa.Controller - INFO - Select From Table Messages
2018-08-01 11:18:22,952 - com.chin.wa.Controller - INFO - Select From Table Messages
2018-08-01 11:18:23,753 - com.chin.wa.Controller - INFO - Select From Table Messages
2018-08-01 11:18:24,554 - com.chin.wa.Controller - INFO - Select From Table Messages
2018-08-01 11:18:25,354 - com.chin.wa.Controller - INFO - Select From Table Messages
2018-08-01 11:18:26,155 - com.chin.wa.Controller - INFO - Select From Table Messages
2018-08-01 11:18:26,956 - com.chin.wa.Controller - INFO - Select From Table Messages
2018-08-01 11:18:27,756 - com.chin.wa.Controller - INFO - Select From Table Messages
2018-08-01 11:18:28,557 - com.chin.wa.Controller - INFO - Select From Table Messages
2018-08-01 11:19:07,555 - com.chin.wa.Configuration - INFO - Load config from resource: wa.properties
2018-08-01 11:19:07,955 - com.chin.wa.ConnectionManager - INFO - Trying to connect to database jdbc:mysql://localhost/whatsapp?autoReconnect=true&characterEncoding=UTF-8...
2018-08-01 11:19:08,326 - com.chin.wa.ConnectionManager - INFO - Connection attempt to database succeeded.
2018-08-01 11:19:08,329 - com.chin.wa.Controller - INFO - Select From Table Messages
2018-08-01 11:19:08,547 - com.chin.wa.ChatAPIProtocol - INFO - https://eu10.chat-api.com/instance7868/message?token=7b31pkn2p00jdcqjphone=6289613501504&body=testing wa
2018-08-01 11:19:09,549 - com.chin.wa.ChatAPIProtocol - INFO - {"sent":true,"message":"Sent to 6289613501504@c.us"}
2018-08-01 11:19:09,591 - com.chin.wa.ChatAPIProtocol - INFO - Sent to 6289613501504@c.us
2018-08-01 11:19:10,392 - com.chin.wa.Controller - INFO - Select From Table Messages
2018-08-01 11:19:11,193 - com.chin.wa.Controller - INFO - Select From Table Messages
2018-08-01 11:19:11,995 - com.chin.wa.Controller - INFO - Select From Table Messages
2018-08-01 11:19:12,795 - com.chin.wa.Controller - INFO - Select From Table Messages
2018-08-01 11:19:13,595 - com.chin.wa.Controller - INFO - Select From Table Messages
2018-08-01 11:19:14,395 - com.chin.wa.Controller - INFO - Select From Table Messages
2018-08-01 11:19:15,196 - com.chin.wa.Controller - INFO - Select From Table Messages
2018-08-01 11:19:15,998 - com.chin.wa.Controller - INFO - Select From Table Messages
2018-08-01 11:19:16,799 - com.chin.wa.Controller - INFO - Select From Table Messages
2018-08-01 11:19:17,599 - com.chin.wa.Controller - INFO - Select From Table Messages
2018-08-01 11:19:18,400 - com.chin.wa.Controller - INFO - Select From Table Messages
2018-08-01 11:19:19,200 - com.chin.wa.Controller - INFO - Select From Table Messages
2018-08-01 11:19:20,002 - com.chin.wa.Controller - INFO - Select From Table Messages
2018-08-01 11:19:20,803 - com.chin.wa.Controller - INFO - Select From Table Messages
2018-08-01 11:19:21,603 - com.chin.wa.Controller - INFO - Select From Table Messages
2018-08-01 11:19:22,404 - com.chin.wa.Controller - INFO - Select From Table Messages
2018-08-01 11:19:23,204 - com.chin.wa.Controller - INFO - Select From Table Messages
2018-08-01 11:19:24,004 - com.chin.wa.Controller - INFO - Select From Table Messages
2018-08-01 11:19:24,805 - com.chin.wa.Controller - INFO - Select From Table Messages
2018-08-01 11:19:25,606 - com.chin.wa.Controller - INFO - Select From Table Messages
2018-08-01 11:19:26,406 - com.chin.wa.Controller - INFO - Select From Table Messages
2018-08-01 11:19:27,207 - com.chin.wa.Controller - INFO - Select From Table Messages
2018-08-01 11:19:28,008 - com.chin.wa.Controller - INFO - Select From Table Messages
2018-08-01 11:19:28,810 - com.chin.wa.Controller - INFO - Select From Table Messages
2018-08-01 11:19:29,610 - com.chin.wa.Controller - INFO - Select From Table Messages
2018-08-01 11:19:30,410 - com.chin.wa.Controller - INFO - Select From Table Messages
2018-08-01 11:19:31,210 - com.chin.wa.Controller - INFO - Select From Table Messages
2018-08-01 11:19:32,010 - com.chin.wa.Controller - INFO - Select From Table Messages
2018-08-01 11:19:32,810 - com.chin.wa.Controller - INFO - Select From Table Messages
2018-08-01 11:19:33,611 - com.chin.wa.Controller - INFO - Select From Table Messages
2018-08-01 11:19:34,411 - com.chin.wa.Controller - INFO - Select From Table Messages
2018-08-01 11:19:35,211 - com.chin.wa.Controller - INFO - Select From Table Messages
2018-08-01 11:19:36,012 - com.chin.wa.Controller - INFO - Select From Table Messages
2018-08-01 11:19:36,813 - com.chin.wa.Controller - INFO - Select From Table Messages
2018-08-01 11:19:37,613 - com.chin.wa.Controller - INFO - Select From Table Messages
2018-08-01 11:19:38,413 - com.chin.wa.Controller - INFO - Select From Table Messages
2018-08-01 11:19:39,214 - com.chin.wa.Controller - INFO - Select From Table Messages
2018-08-01 11:19:40,014 - com.chin.wa.Controller - INFO - Select From Table Messages
2018-08-01 11:19:40,818 - com.chin.wa.Controller - INFO - Select From Table Messages
2018-08-01 11:19:41,619 - com.chin.wa.Controller - INFO - Select From Table Messages
2018-08-01 11:19:42,419 - com.chin.wa.Controller - INFO - Select From Table Messages
2018-08-01 11:19:43,221 - com.chin.wa.Controller - INFO - Select From Table Messages
2018-08-01 11:19:44,023 - com.chin.wa.Controller - INFO - Select From Table Messages
2018-08-01 11:19:44,823 - com.chin.wa.Controller - INFO - Select From Table Messages
2018-08-01 11:19:45,624 - com.chin.wa.Controller - INFO - Select From Table Messages
2018-08-01 11:19:46,425 - com.chin.wa.Controller - INFO - Select From Table Messages
2018-08-01 11:19:47,227 - com.chin.wa.Controller - INFO - Select From Table Messages
2018-08-01 11:19:48,028 - com.chin.wa.Controller - INFO - Select From Table Messages
2018-08-01 11:19:48,828 - com.chin.wa.Controller - INFO - Select From Table Messages
2018-08-01 11:19:49,628 - com.chin.wa.Controller - INFO - Select From Table Messages
2018-08-01 11:19:50,428 - com.chin.wa.Controller - INFO - Select From Table Messages
2018-08-01 11:19:51,229 - com.chin.wa.Controller - INFO - Select From Table Messages
2018-08-01 11:19:52,030 - com.chin.wa.Controller - INFO - Select From Table Messages
2018-08-01 11:19:52,831 - com.chin.wa.Controller - INFO - Select From Table Messages
2018-08-01 11:19:53,631 - com.chin.wa.Controller - INFO - Select From Table Messages
2018-08-01 11:19:54,431 - com.chin.wa.Controller - INFO - Select From Table Messages
2018-08-01 11:19:55,232 - com.chin.wa.Controller - INFO - Select From Table Messages
2018-08-01 11:19:56,033 - com.chin.wa.Controller - INFO - Select From Table Messages
2018-08-01 11:19:56,833 - com.chin.wa.Controller - INFO - Select From Table Messages
2018-08-01 11:19:57,635 - com.chin.wa.Controller - INFO - Select From Table Messages
2018-08-01 11:19:58,435 - com.chin.wa.Controller - INFO - Select From Table Messages
2018-08-01 11:19:59,235 - com.chin.wa.Controller - INFO - Select From Table Messages
2018-08-01 11:20:00,035 - com.chin.wa.Controller - INFO - Select From Table Messages
2018-08-01 11:20:00,835 - com.chin.wa.Controller - INFO - Select From Table Messages
2018-08-01 11:20:01,636 - com.chin.wa.Controller - INFO - Select From Table Messages
2018-08-01 11:20:02,436 - com.chin.wa.Controller - INFO - Select From Table Messages
2018-08-01 11:20:03,236 - com.chin.wa.Controller - INFO - Select From Table Messages
2018-08-01 11:20:04,037 - com.chin.wa.Controller - INFO - Select From Table Messages
2018-08-01 11:20:04,838 - com.chin.wa.Controller - INFO - Select From Table Messages
2018-08-01 11:20:05,639 - com.chin.wa.Controller - INFO - Select From Table Messages
2018-08-01 11:42:09,285 - com.chin.wa.Configuration - INFO - Load config from resource: wa.properties
2018-08-01 11:42:09,676 - com.chin.wa.ConnectionManager - INFO - Trying to connect to database jdbc:mysql://localhost/whatsapp?autoReconnect=true&characterEncoding=UTF-8...
2018-08-01 11:42:10,027 - com.chin.wa.ConnectionManager - INFO - Connection attempt to database succeeded.
2018-08-01 11:42:10,029 - com.chin.wa.Controller - INFO - Select From Table Messages
2018-08-01 11:42:10,224 - com.chin.wa.ChatAPIProtocol - INFO - https://eu10.chat-api.com/instance7868/message?token=7b31pkn2p00jdcqjphone=6289613501504&body=Sdr Lulus Initial Interview, Ikut Tes TOEIC Sabtu, 17 Juni jam 8 pagi di Kampus TI UNMER Jl. Terusan Dieng - Malang Lt. 4 bawa KTP dan Alat Tulis, Pakaian Rapi
2018-08-01 11:42:11,402 - com.chin.wa.ChatAPIProtocol - INFO - {"sent":true,"message":"Sent to 6289613501504@c.us"}
2018-08-01 11:42:11,471 - com.chin.wa.ChatAPIProtocol - INFO - Sent to 6289613501504@c.us
2018-08-01 11:42:11,472 - com.chin.wa.ChatAPIProtocol - INFO - https://eu10.chat-api.com/instance7868/message?token=7b31pkn2p00jdcqjphone=6289613501504&body=Sdr Lulus Initial Interview, Ikut Tes TOEIC Sabtu, 17 Juni jam 8 pagi di Kampus TI UNMER Jl. Terusan Dieng - Malang Lt. 4 bawa KTP dan Alat Tulis, Pakaian Rapi
2018-08-01 11:42:11,733 - com.chin.wa.ChatAPIProtocol - INFO - {"sent":true,"message":"Sent to 6289613501504@c.us"}
2018-08-01 11:42:11,771 - com.chin.wa.ChatAPIProtocol - INFO - Sent to 6289613501504@c.us
2018-08-01 11:42:11,772 - com.chin.wa.ChatAPIProtocol - INFO - https://eu10.chat-api.com/instance7868/message?token=7b31pkn2p00jdcqjphone=6289613501504&body=Sdr Lulus Initial Interview, Ikut Tes TOEIC Sabtu, 17 Juni jam 8 pagi di Kampus TI UNMER Jl. Terusan Dieng - Malang Lt. 4 bawa KTP dan Alat Tulis, Pakaian Rapi
2018-08-01 11:42:12,121 - com.chin.wa.ChatAPIProtocol - INFO - {"sent":true,"message":"Sent to 6289613501504@c.us"}
2018-08-01 11:42:12,203 - com.chin.wa.ChatAPIProtocol - INFO - Sent to 6289613501504@c.us
2018-08-01 11:42:12,204 - com.chin.wa.ChatAPIProtocol - INFO - https://eu10.chat-api.com/instance7868/message?token=7b31pkn2p00jdcqjphone=6289613501504&body=Sdr Lulus Initial Interview, Ikut Tes TOEIC Sabtu, 17 Juni jam 8 pagi di Kampus TI UNMER Jl. Terusan Dieng - Malang Lt. 4 bawa KTP dan Alat Tulis, Pakaian Rapi
2018-08-01 11:42:12,412 - com.chin.wa.ChatAPIProtocol - INFO - {"sent":true,"message":"Sent to 6289613501504@c.us"}
2018-08-01 11:42:12,433 - com.chin.wa.ChatAPIProtocol - INFO - Sent to 6289613501504@c.us
2018-08-01 11:42:12,434 - com.chin.wa.ChatAPIProtocol - INFO - https://eu10.chat-api.com/instance7868/message?token=7b31pkn2p00jdcqjphone=6289613501504&body=Sdr Lulus Initial Interview, Ikut Tes TOEIC Sabtu, 17 Juni jam 8 pagi di Kampus TI UNMER Jl. Terusan Dieng - Malang Lt. 4 bawa KTP dan Alat Tulis, Pakaian Rapi
2018-08-01 11:42:12,749 - com.chin.wa.ChatAPIProtocol - INFO - {"sent":true,"message":"Sent to 6289613501504@c.us"}
2018-08-01 11:42:12,780 - com.chin.wa.ChatAPIProtocol - INFO - Sent to 6289613501504@c.us
2018-08-01 11:42:13,581 - com.chin.wa.Controller - INFO - Select From Table Messages
2018-08-01 11:42:14,381 - com.chin.wa.Controller - INFO - Select From Table Messages
2018-08-01 11:42:15,182 - com.chin.wa.Controller - INFO - Select From Table Messages
2018-08-01 11:42:15,982 - com.chin.wa.Controller - INFO - Select From Table Messages
2018-08-01 11:42:16,784 - com.chin.wa.Controller - INFO - Select From Table Messages
2018-08-01 11:42:17,585 - com.chin.wa.Controller - INFO - Select From Table Messages
2018-08-01 11:42:18,387 - com.chin.wa.Controller - INFO - Select From Table Messages
2018-08-01 11:42:19,189 - com.chin.wa.Controller - INFO - Select From Table Messages
2018-08-01 11:42:19,989 - com.chin.wa.Controller - INFO - Select From Table Messages
2018-08-01 11:42:20,790 - com.chin.wa.Controller - INFO - Select From Table Messages
2018-08-01 11:42:21,592 - com.chin.wa.Controller - INFO - Select From Table Messages
2018-08-01 11:42:22,393 - com.chin.wa.Controller - INFO - Select From Table Messages
2018-08-01 11:42:23,194 - com.chin.wa.Controller - INFO - Select From Table Messages
2018-08-01 11:42:23,995 - com.chin.wa.Controller - INFO - Select From Table Messages
2018-08-01 11:42:24,797 - com.chin.wa.Controller - INFO - Select From Table Messages
2018-08-01 11:42:25,598 - com.chin.wa.Controller - INFO - Select From Table Messages
2018-08-01 11:42:26,399 - com.chin.wa.Controller - INFO - Select From Table Messages
2018-08-01 11:42:27,199 - com.chin.wa.Controller - INFO - Select From Table Messages
2018-08-01 12:25:45,082 - com.chin.wa.Configuration - INFO - Load config from resource: wa.properties
2018-08-01 12:25:45,532 - com.chin.wa.ConnectionManager - INFO - Trying to connect to database jdbc:mysql://localhost/whatsapp?autoReconnect=true&characterEncoding=UTF-8...
2018-08-01 12:25:45,879 - com.chin.wa.ConnectionManager - INFO - Connection attempt to database succeeded.
2018-08-01 12:25:45,882 - com.chin.wa.Controller - INFO - Select From Table Messages
2018-08-01 12:25:46,685 - com.chin.wa.Controller - INFO - Select From Table Messages
2018-08-01 12:25:47,487 - com.chin.wa.Controller - INFO - Select From Table Messages
2018-08-01 12:25:48,288 - com.chin.wa.Controller - INFO - Select From Table Messages
2018-08-01 12:25:49,090 - com.chin.wa.Controller - INFO - Select From Table Messages
2018-08-01 12:25:49,893 - com.chin.wa.Controller - INFO - Select From Table Messages
2018-08-01 12:25:50,695 - com.chin.wa.Controller - INFO - Select From Table Messages
2018-08-01 12:25:51,496 - com.chin.wa.Controller - INFO - Select From Table Messages
2018-08-01 12:25:52,296 - com.chin.wa.Controller - INFO - Select From Table Messages
2018-08-01 12:25:53,097 - com.chin.wa.Controller - INFO - Select From Table Messages
2018-08-01 12:25:53,898 - com.chin.wa.Controller - INFO - Select From Table Messages
2018-08-01 12:25:54,700 - com.chin.wa.Controller - INFO - Select From Table Messages
2018-08-01 12:25:55,500 - com.chin.wa.Controller - INFO - Select From Table Messages
2018-08-01 12:25:56,300 - com.chin.wa.Controller - INFO - Select From Table Messages
2018-08-01 12:25:57,101 - com.chin.wa.Controller - INFO - Select From Table Messages
2018-08-01 12:25:57,902 - com.chin.wa.Controller - INFO - Select From Table Messages
2018-08-01 12:25:58,703 - com.chin.wa.Controller - INFO - Select From Table Messages
2018-08-01 12:25:59,505 - com.chin.wa.Controller - INFO - Select From Table Messages
2018-08-01 12:26:00,305 - com.chin.wa.Controller - INFO - Select From Table Messages
2018-08-01 12:26:01,106 - com.chin.wa.Controller - INFO - Select From Table Messages
2018-08-01 12:26:01,907 - com.chin.wa.Controller - INFO - Select From Table Messages
2018-08-01 12:26:01,922 - com.chin.wa.ChatAPIProtocol - INFO - 1
2018-08-01 12:26:02,173 - com.chin.wa.ChatAPIProtocol - INFO - https://eu10.chat-api.com/instance7868/message?token=7b31pkn2p00jdcqjphone=6289613501504&body=Sdr Lulus Initial Interview, Ikut Tes TOEIC Sabtu, 17 Juni jam 8 pagi di Kampus TI UNMER Jl. Terusan Dieng - Malang Lt. 4 bawa KTP dan Alat Tulis, Pakaian Rapi
2018-08-01 12:26:03,856 - com.chin.wa.ChatAPIProtocol - INFO - {"sent":true,"message":"Sent to 6289613501504@c.us"}
2018-08-01 12:26:03,907 - com.chin.wa.ChatAPIProtocol - INFO - Sent to 6289613501504@c.us
2018-08-01 12:26:04,707 - com.chin.wa.Controller - INFO - Select From Table Messages
2018-08-01 12:26:05,509 - com.chin.wa.Controller - INFO - Select From Table Messages
2018-08-01 12:26:06,311 - com.chin.wa.Controller - INFO - Select From Table Messages
2018-08-01 12:26:07,112 - com.chin.wa.Controller - INFO - Select From Table Messages
2018-08-01 12:26:07,913 - com.chin.wa.Controller - INFO - Select From Table Messages
2018-08-01 12:26:08,713 - com.chin.wa.Controller - INFO - Select From Table Messages
2018-08-01 12:26:09,514 - com.chin.wa.Controller - INFO - Select From Table Messages
2018-08-01 12:26:10,315 - com.chin.wa.Controller - INFO - Select From Table Messages
2018-08-01 12:35:29,331 - com.chin.wa.Configuration - INFO - Load config from resource: wa.properties
2018-08-01 12:35:29,727 - com.chin.wa.ConnectionManager - INFO - Trying to connect to database jdbc:mysql://localhost/whatsapp?autoReconnect=true&characterEncoding=UTF-8...
2018-08-01 12:35:30,066 - com.chin.wa.ConnectionManager - INFO - Connection attempt to database succeeded.
2018-08-01 12:35:30,068 - com.chin.wa.Controller - INFO - Select From Table Messages
2018-08-01 12:35:30,870 - com.chin.wa.Controller - INFO - Select From Table Messages
2018-08-01 12:35:31,671 - com.chin.wa.Controller - INFO - Select From Table Messages
2018-08-01 12:35:32,472 - com.chin.wa.Controller - INFO - Select From Table Messages
2018-08-01 12:35:33,274 - com.chin.wa.Controller - INFO - Select From Table Messages
2018-08-01 12:35:34,075 - com.chin.wa.Controller - INFO - Select From Table Messages
2018-08-01 12:35:34,877 - com.chin.wa.Controller - INFO - Select From Table Messages
2018-08-01 12:35:35,677 - com.chin.wa.Controller - INFO - Select From Table Messages
2018-08-01 12:35:36,478 - com.chin.wa.Controller - INFO - Select From Table Messages
2018-08-01 12:35:37,280 - com.chin.wa.Controller - INFO - Select From Table Messages
2018-08-01 12:35:38,081 - com.chin.wa.Controller - INFO - Select From Table Messages
2018-08-01 12:35:38,883 - com.chin.wa.Controller - INFO - Select From Table Messages
2018-08-01 12:35:39,685 - com.chin.wa.Controller - INFO - Select From Table Messages
2018-08-01 12:35:40,485 - com.chin.wa.Controller - INFO - Select From Table Messages
2018-08-01 12:35:41,286 - com.chin.wa.Controller - INFO - Select From Table Messages
2018-08-01 12:35:42,088 - com.chin.wa.Controller - INFO - Select From Table Messages
2018-08-01 12:35:42,889 - com.chin.wa.Controller - INFO - Select From Table Messages
2018-08-01 12:35:43,691 - com.chin.wa.Controller - INFO - Select From Table Messages
2018-08-01 12:35:44,493 - com.chin.wa.Controller - INFO - Select From Table Messages
2018-08-01 12:35:45,294 - com.chin.wa.Controller - INFO - Select From Table Messages
2018-08-01 12:35:46,094 - com.chin.wa.Controller - INFO - Select From Table Messages
2018-08-01 12:35:46,894 - com.chin.wa.Controller - INFO - Select From Table Messages
2018-08-01 12:35:47,696 - com.chin.wa.Controller - INFO - Select From Table Messages
2018-08-01 12:35:48,497 - com.chin.wa.Controller - INFO - Select From Table Messages
2018-08-01 12:35:49,299 - com.chin.wa.Controller - INFO - Select From Table Messages
2018-08-01 12:35:50,100 - com.chin.wa.Controller - INFO - Select From Table Messages
2018-08-01 12:35:50,902 - com.chin.wa.Controller - INFO - Select From Table Messages
2018-08-01 12:35:51,702 - com.chin.wa.Controller - INFO - Select From Table Messages
2018-08-01 12:35:52,504 - com.chin.wa.Controller - INFO - Select From Table Messages
2018-08-01 12:35:53,305 - com.chin.wa.Controller - INFO - Select From Table Messages
2018-08-01 12:35:54,106 - com.chin.wa.Controller - INFO - Select From Table Messages
2018-08-01 12:35:54,908 - com.chin.wa.Controller - INFO - Select From Table Messages
2018-08-01 12:35:55,709 - com.chin.wa.Controller - INFO - Select From Table Messages
2018-08-01 12:35:56,510 - com.chin.wa.Controller - INFO - Select From Table Messages
2018-08-01 12:35:57,311 - com.chin.wa.Controller - INFO - Select From Table Messages
2018-08-01 12:35:58,113 - com.chin.wa.Controller - INFO - Select From Table Messages
2018-08-01 12:35:58,915 - com.chin.wa.Controller - INFO - Select From Table Messages
2018-08-01 12:35:59,715 - com.chin.wa.Controller - INFO - Select From Table Messages
2018-08-01 12:36:00,517 - com.chin.wa.Controller - INFO - Select From Table Messages
2018-08-01 12:36:01,317 - com.chin.wa.Controller - INFO - Select From Table Messages
2018-08-01 12:36:02,117 - com.chin.wa.Controller - INFO - Select From Table Messages
2018-08-01 12:36:02,120 - com.chin.wa.Controller - INFO - Select From Table Messages
2018-08-01 12:36:02,129 - com.chin.wa.Controller - INFO - Select From Table Messages
2018-08-01 12:37:28,613 - com.chin.wa.Configuration - INFO - Load config from resource: wa.properties
2018-08-01 12:37:29,006 - com.chin.wa.ConnectionManager - INFO - Trying to connect to database jdbc:mysql://localhost/whatsapp?autoReconnect=true&characterEncoding=UTF-8...
2018-08-01 12:37:29,359 - com.chin.wa.ConnectionManager - INFO - Connection attempt to database succeeded.
2018-08-01 12:37:29,362 - com.chin.wa.Controller - INFO - Select From Table Messages
2018-08-01 12:37:29,368 - com.chin.wa.Controller - INFO - Select From Table Messages
2018-08-01 12:37:29,382 - com.chin.wa.Controller - INFO - Select From Table Messages
2018-08-01 12:38:02,314 - com.chin.wa.Configuration - INFO - Load config from resource: wa.properties
2018-08-01 12:38:02,820 - com.chin.wa.ConnectionManager - INFO - Trying to connect to database jdbc:mysql://localhost/whatsapp?autoReconnect=true&characterEncoding=UTF-8...
2018-08-01 12:38:03,283 - com.chin.wa.ConnectionManager - INFO - Connection attempt to database succeeded.
2018-08-01 12:38:03,304 - com.chin.wa.Controller - INFO - Select From Table Messages
2018-08-01 12:38:03,622 - com.chin.wa.ChatAPIProtocol - INFO - https://eu10.chat-api.com/instance7868/message?token=7b31pkn2p00jdcqjphone=6289613501504&body=Sdr Lulus Initial Interview, Ikut Tes TOEIC Sabtu, 17 Juni jam 8 pagi di Kampus TI UNMER Jl. Terusan Dieng - Malang Lt. 4 bawa KTP dan Alat Tulis, Pakaian Rapi
2018-08-01 12:38:04,588 - com.chin.wa.ChatAPIProtocol - INFO - {"sent":true,"message":"Sent to 6289613501504@c.us"}
2018-08-01 12:38:04,658 - com.chin.wa.ChatAPIProtocol - INFO - Sent to 6289613501504@c.us
2018-08-01 12:38:05,458 - com.chin.wa.Controller - INFO - Select From Table Messages
2018-08-01 12:38:06,259 - com.chin.wa.Controller - INFO - Select From Table Messages
2018-08-01 12:38:07,060 - com.chin.wa.Controller - INFO - Select From Table Messages
2018-08-01 12:38:07,860 - com.chin.wa.Controller - INFO - Select From Table Messages
2018-08-01 12:38:08,662 - com.chin.wa.Controller - INFO - Select From Table Messages
2018-08-01 12:38:09,463 - com.chin.wa.Controller - INFO - Select From Table Messages
2018-08-01 12:38:10,264 - com.chin.wa.Controller - INFO - Select From Table Messages
2018-08-01 12:38:11,066 - com.chin.wa.Controller - INFO - Select From Table Messages
2018-08-01 12:38:11,866 - com.chin.wa.Controller - INFO - Select From Table Messages
2018-08-01 12:38:12,666 - com.chin.wa.Controller - INFO - Select From Table Messages
2018-08-01 12:38:13,467 - com.chin.wa.Controller - INFO - Select From Table Messages
2018-08-01 12:38:14,268 - com.chin.wa.Controller - INFO - Select From Table Messages
2018-08-01 12:38:15,070 - com.chin.wa.Controller - INFO - Select From Table Messages
2018-08-01 12:38:15,871 - com.chin.wa.Controller - INFO - Select From Table Messages
2018-08-01 12:38:16,672 - com.chin.wa.Controller - INFO - Select From Table Messages
2018-08-01 12:38:17,474 - com.chin.wa.Controller - INFO - Select From Table Messages
2018-08-01 12:38:18,275 - com.chin.wa.Controller - INFO - Select From Table Messages
2018-08-01 12:38:19,075 - com.chin.wa.Controller - INFO - Select From Table Messages
2018-08-01 12:38:19,877 - com.chin.wa.Controller - INFO - Select From Table Messages
2018-08-01 12:38:20,677 - com.chin.wa.Controller - INFO - Select From Table Messages
2018-08-01 12:38:21,479 - com.chin.wa.Controller - INFO - Select From Table Messages
2018-08-01 12:38:22,280 - com.chin.wa.Controller - INFO - Select From Table Messages
2018-08-01 12:38:23,082 - com.chin.wa.Controller - INFO - Select From Table Messages
2018-08-01 12:38:23,883 - com.chin.wa.Controller - INFO - Select From Table Messages
2018-08-01 12:38:24,684 - com.chin.wa.Controller - INFO - Select From Table Messages
2018-08-01 12:38:25,486 - com.chin.wa.Controller - INFO - Select From Table Messages
2018-08-01 12:38:26,286 - com.chin.wa.Controller - INFO - Select From Table Messages
2018-08-01 12:38:27,087 - com.chin.wa.Controller - INFO - Select From Table Messages
2018-08-01 12:38:27,891 - com.chin.wa.Controller - INFO - Select From Table Messages
2018-08-01 12:38:28,691 - com.chin.wa.Controller - INFO - Select From Table Messages
2018-08-01 12:38:29,492 - com.chin.wa.Controller - INFO - Select From Table Messages
2018-08-01 12:38:30,292 - com.chin.wa.Controller - INFO - Select From Table Messages
2018-08-01 12:38:31,094 - com.chin.wa.Controller - INFO - Select From Table Messages
2018-08-01 12:38:31,896 - com.chin.wa.Controller - INFO - Select From Table Messages
2018-08-01 12:38:32,698 - com.chin.wa.Controller - INFO - Select From Table Messages
2018-08-01 12:38:33,500 - com.chin.wa.Controller - INFO - Select From Table Messages
2018-08-01 12:38:34,301 - com.chin.wa.Controller - INFO - Select From Table Messages
2018-08-01 12:38:34,308 - com.chin.wa.ChatAPIProtocol - INFO - https://eu10.chat-api.com/instance7868/message?token=7b31pkn2p00jdcqjphone=6289613501504&body=Sdr Lulus Initial Interview, Ikut Tes TOEIC Sabtu, 17 Juni jam 8 pagi di Kampus TI UNMER Jl. Terusan Dieng - Malang Lt. 4 bawa KTP dan Alat Tulis, Pakaian Rapi
2018-08-01 12:38:35,182 - com.chin.wa.ChatAPIProtocol - INFO - {"sent":true,"message":"Sent to 6289613501504@c.us"}
2018-08-01 12:38:35,223 - com.chin.wa.ChatAPIProtocol - INFO - Sent to 6289613501504@c.us
2018-08-01 12:38:36,023 - com.chin.wa.Controller - INFO - Select From Table Messages
2018-08-01 12:38:36,825 - com.chin.wa.Controller - INFO - Select From Table Messages
2018-08-01 12:38:37,626 - com.chin.wa.Controller - INFO - Select From Table Messages
2018-08-01 12:38:38,427 - com.chin.wa.Controller - INFO - Select From Table Messages
2018-08-01 12:38:39,227 - com.chin.wa.Controller - INFO - Select From Table Messages
2018-08-01 12:38:40,029 - com.chin.wa.Controller - INFO - Select From Table Messages
2018-08-01 12:38:40,830 - com.chin.wa.Controller - INFO - Select From Table Messages
2018-08-01 12:38:41,630 - com.chin.wa.Controller - INFO - Select From Table Messages
2018-08-01 12:38:42,431 - com.chin.wa.Controller - INFO - Select From Table Messages
2018-08-01 12:38:43,231 - com.chin.wa.Controller - INFO - Select From Table Messages
2018-08-01 12:38:44,032 - com.chin.wa.Controller - INFO - Select From Table Messages
2018-08-01 12:38:44,832 - com.chin.wa.Controller - INFO - Select From Table Messages
2018-08-01 12:38:45,634 - com.chin.wa.Controller - INFO - Select From Table Messages
2018-08-01 12:38:46,435 - com.chin.wa.Controller - INFO - Select From Table Messages
2018-08-01 12:58:10,796 - com.chin.wa.Configuration - INFO - Load config from resource: wa.properties
2018-08-01 12:58:11,435 - com.chin.wa.ConnectionManager - INFO - Trying to connect to database jdbc:mysql://localhost/whatsapp?autoReconnect=true&characterEncoding=UTF-8...
2018-08-01 12:58:11,797 - com.chin.wa.ConnectionManager - INFO - Connection attempt to database succeeded.
2018-08-01 12:58:11,834 - com.chin.wa.Controller - INFO - Select From Table Messages
2018-08-01 12:58:12,636 - com.chin.wa.Controller - INFO - Select From Table Messages
2018-08-01 12:58:13,438 - com.chin.wa.Controller - INFO - Select From Table Messages
2018-08-01 12:58:14,239 - com.chin.wa.Controller - INFO - Select From Table Messages
2018-08-01 12:58:15,041 - com.chin.wa.Controller - INFO - Select From Table Messages
2018-08-01 12:58:15,843 - com.chin.wa.Controller - INFO - Select From Table Messages
2018-08-01 12:58:16,645 - com.chin.wa.Controller - INFO - Select From Table Messages
2018-08-01 12:58:17,447 - com.chin.wa.Controller - INFO - Select From Table Messages
2018-08-01 12:58:18,248 - com.chin.wa.Controller - INFO - Select From Table Messages
2018-08-01 12:58:19,048 - com.chin.wa.Controller - INFO - Select From Table Messages
2018-08-01 12:58:19,848 - com.chin.wa.Controller - INFO - Select From Table Messages
2018-08-01 12:58:20,650 - com.chin.wa.Controller - INFO - Select From Table Messages
2018-08-01 12:58:21,451 - com.chin.wa.Controller - INFO - Select From Table Messages
2018-08-01 12:58:22,252 - com.chin.wa.Controller - INFO - Select From Table Messages
2018-08-01 12:58:23,053 - com.chin.wa.Controller - INFO - Select From Table Messages
2018-08-01 12:58:23,854 - com.chin.wa.Controller - INFO - Select From Table Messages
2018-08-01 12:58:24,656 - com.chin.wa.Controller - INFO - Select From Table Messages
2018-08-01 12:58:25,458 - com.chin.wa.Controller - INFO - Select From Table Messages
2018-08-01 12:58:26,259 - com.chin.wa.Controller - INFO - Select From Table Messages
2018-08-01 12:58:27,059 - com.chin.wa.Controller - INFO - Select From Table Messages
2018-08-01 12:58:27,860 - com.chin.wa.Controller - INFO - Select From Table Messages
2018-08-01 12:58:28,661 - com.chin.wa.Controller - INFO - Select From Table Messages
2018-08-01 12:58:29,462 - com.chin.wa.Controller - INFO - Select From Table Messages
2018-08-01 12:58:30,264 - com.chin.wa.Controller - INFO - Select From Table Messages
2018-08-01 12:58:31,065 - com.chin.wa.Controller - INFO - Select From Table Messages
2018-08-01 12:58:31,866 - com.chin.wa.Controller - INFO - Select From Table Messages
2018-08-01 12:58:32,066 - com.chin.wa.ChatAPIProtocol - INFO - https://eu10.chat-api.com/instance7868/message?token=7b31pkn2p00jdcqjphone=6289613501504&body=Test From CMS
2018-08-01 12:58:34,638 - com.chin.wa.ChatAPIProtocol - INFO - {"sent":true,"message":"Sent to 6289613501504@c.us"}
2018-08-01 12:58:34,690 - com.chin.wa.ChatAPIProtocol - INFO - Sent to 6289613501504@c.us
2018-08-01 12:58:35,491 - com.chin.wa.Controller - INFO - Select From Table Messages
2018-08-01 12:58:36,291 - com.chin.wa.Controller - INFO - Select From Table Messages
2018-08-01 12:58:37,092 - com.chin.wa.Controller - INFO - Select From Table Messages
2018-08-01 12:58:37,894 - com.chin.wa.Controller - INFO - Select From Table Messages
2018-08-01 12:58:38,695 - com.chin.wa.Controller - INFO - Select From Table Messages
2018-08-01 12:58:39,496 - com.chin.wa.Controller - INFO - Select From Table Messages
2018-08-01 12:58:40,298 - com.chin.wa.Controller - INFO - Select From Table Messages
2018-08-01 12:58:41,098 - com.chin.wa.Controller - INFO - Select From Table Messages
2018-08-01 12:58:41,898 - com.chin.wa.Controller - INFO - Select From Table Messages
2018-08-01 12:58:42,699 - com.chin.wa.Controller - INFO - Select From Table Messages
2018-08-01 12:58:43,501 - com.chin.wa.Controller - INFO - Select From Table Messages
2018-08-01 12:58:44,302 - com.chin.wa.Controller - INFO - Select From Table Messages
2018-08-01 12:58:45,103 - com.chin.wa.Controller - INFO - Select From Table Messages
2018-08-01 12:58:45,907 - com.chin.wa.Controller - INFO - Select From Table Messages
2018-08-01 12:58:46,707 - com.chin.wa.Controller - INFO - Select From Table Messages
2018-08-01 12:58:47,509 - com.chin.wa.Controller - INFO - Select From Table Messages
2018-08-01 12:58:48,309 - com.chin.wa.Controller - INFO - Select From Table Messages
2018-08-01 12:58:49,111 - com.chin.wa.Controller - INFO - Select From Table Messages
2018-08-01 12:58:49,911 - com.chin.wa.Controller - INFO - Select From Table Messages
2018-08-01 12:58:50,712 - com.chin.wa.Controller - INFO - Select From Table Messages
2018-08-01 12:58:51,514 - com.chin.wa.Controller - INFO - Select From Table Messages
2018-08-01 12:58:52,314 - com.chin.wa.Controller - INFO - Select From Table Messages
2018-08-01 12:58:53,115 - com.chin.wa.Controller - INFO - Select From Table Messages
2018-08-01 12:58:53,916 - com.chin.wa.Controller - INFO - Select From Table Messages
2018-08-01 12:58:54,716 - com.chin.wa.Controller - INFO - Select From Table Messages
2018-08-01 12:58:55,517 - com.chin.wa.Controller - INFO - Select From Table Messages
2018-08-01 12:58:56,317 - com.chin.wa.Controller - INFO - Select From Table Messages
2018-08-01 12:58:57,119 - com.chin.wa.Controller - INFO - Select From Table Messages
2018-08-01 12:58:57,919 - com.chin.wa.Controller - INFO - Select From Table Messages
2018-08-01 12:58:58,719 - com.chin.wa.Controller - INFO - Select From Table Messages
2018-08-01 12:58:59,521 - com.chin.wa.Controller - INFO - Select From Table Messages
2018-08-01 12:59:00,322 - com.chin.wa.Controller - INFO - Select From Table Messages
2018-08-01 12:59:01,122 - com.chin.wa.Controller - INFO - Select From Table Messages
2018-08-01 12:59:01,923 - com.chin.wa.Controller - INFO - Select From Table Messages
2018-08-01 12:59:02,723 - com.chin.wa.Controller - INFO - Select From Table Messages
2018-08-01 12:59:03,524 - com.chin.wa.Controller - INFO - Select From Table Messages
2018-08-01 12:59:04,324 - com.chin.wa.Controller - INFO - Select From Table Messages
2018-08-01 12:59:05,126 - com.chin.wa.Controller - INFO - Select From Table Messages
2018-08-01 12:59:05,926 - com.chin.wa.Controller - INFO - Select From Table Messages
2018-08-01 12:59:06,726 - com.chin.wa.Controller - INFO - Select From Table Messages
2018-08-01 12:59:07,527 - com.chin.wa.Controller - INFO - Select From Table Messages
2018-08-01 12:59:08,328 - com.chin.wa.Controller - INFO - Select From Table Messages
2018-08-01 12:59:09,129 - com.chin.wa.Controller - INFO - Select From Table Messages
2018-08-01 12:59:09,931 - com.chin.wa.Controller - INFO - Select From Table Messages
2018-08-01 12:59:10,731 - com.chin.wa.Controller - INFO - Select From Table Messages
2018-08-01 12:59:11,533 - com.chin.wa.Controller - INFO - Select From Table Messages
2018-08-01 12:59:12,334 - com.chin.wa.Controller - INFO - Select From Table Messages
2018-08-01 12:59:13,134 - com.chin.wa.Controller - INFO - Select From Table Messages
2018-08-01 12:59:13,935 - com.chin.wa.Controller - INFO - Select From Table Messages
2018-08-01 12:59:14,735 - com.chin.wa.Controller - INFO - Select From Table Messages
2018-08-01 12:59:15,535 - com.chin.wa.Controller - INFO - Select From Table Messages
2018-08-01 12:59:16,336 - com.chin.wa.Controller - INFO - Select From Table Messages
2018-08-01 12:59:17,136 - com.chin.wa.Controller - INFO - Select From Table Messages
2018-08-01 12:59:17,936 - com.chin.wa.Controller - INFO - Select From Table Messages
2018-08-01 12:59:17,940 - com.chin.wa.ChatAPIProtocol - INFO - https://eu10.chat-api.com/instance7868/message?token=7b31pkn2p00jdcqjphone=6289613501504&body=TEST MULTI PHONE
2018-08-01 12:59:18,802 - com.chin.wa.ChatAPIProtocol - INFO - {"sent":true,"message":"Sent to 6289613501504@c.us"}
2018-08-01 12:59:18,845 - com.chin.wa.ChatAPIProtocol - INFO - Sent to 6289613501504@c.us
2018-08-01 12:59:18,846 - com.chin.wa.ChatAPIProtocol - INFO - https://eu10.chat-api.com/instance7868/message?token=7b31pkn2p00jdcqjphone=6289613501504&body=TEST MULTI PHONE
2018-08-01 12:59:19,105 - com.chin.wa.ChatAPIProtocol - INFO - {"sent":true,"message":"Sent to 6289613501504@c.us"}
2018-08-01 12:59:19,156 - com.chin.wa.ChatAPIProtocol - INFO - Sent to 6289613501504@c.us
2018-08-01 12:59:19,957 - com.chin.wa.Controller - INFO - Select From Table Messages
2018-08-01 12:59:20,757 - com.chin.wa.Controller - INFO - Select From Table Messages
2018-08-01 12:59:21,557 - com.chin.wa.Controller - INFO - Select From Table Messages
2018-08-01 12:59:22,357 - com.chin.wa.Controller - INFO - Select From Table Messages
2018-08-01 12:59:23,159 - com.chin.wa.Controller - INFO - Select From Table Messages
2018-08-01 12:59:23,960 - com.chin.wa.Controller - INFO - Select From Table Messages
2018-08-01 12:59:24,761 - com.chin.wa.Controller - INFO - Select From Table Messages
2018-08-01 12:59:25,562 - com.chin.wa.Controller - INFO - Select From Table Messages
2018-08-01 12:59:26,362 - com.chin.wa.Controller - INFO - Select From Table Messages
2018-08-01 12:59:27,162 - com.chin.wa.Controller - INFO - Select From Table Messages
2018-08-01 12:59:27,964 - com.chin.wa.Controller - INFO - Select From Table Messages
2018-08-01 12:59:28,765 - com.chin.wa.Controller - INFO - Select From Table Messages
2018-08-01 12:59:29,565 - com.chin.wa.Controller - INFO - Select From Table Messages
2018-08-01 12:59:30,366 - com.chin.wa.Controller - INFO - Select From Table Messages
2018-08-01 12:59:31,166 - com.chin.wa.Controller - INFO - Select From Table Messages
2018-08-01 12:59:31,966 - com.chin.wa.Controller - INFO - Select From Table Messages
2018-08-01 13:01:27,341 - com.chin.wa.Configuration - INFO - Load config from resource: wa.properties
2018-08-01 13:01:27,745 - com.chin.wa.ConnectionManager - INFO - Trying to connect to database jdbc:mysql://localhost/whatsapp?autoReconnect=true&characterEncoding=UTF-8...
2018-08-01 13:01:28,087 - com.chin.wa.ConnectionManager - INFO - Connection attempt to database succeeded.
2018-08-01 13:01:28,090 - com.chin.wa.Controller - INFO - Select From Table Messages
2018-08-01 13:01:28,289 - com.chin.wa.ChatAPIProtocol - INFO - https://eu10.chat-api.com/instance7868/sendFile?token=7b31pkn2p00jdcqjphone=6289613501504&body=https://www.planwallpaper.com/static/images/542a0313e9630e447a47564717f1714e.jpg&filename=default.jpg
2018-08-01 13:01:29,996 - com.chin.wa.ChatAPIProtocol - INFO - {"sent":true,"message":"Sent to 6289613501504@c.us"}
2018-08-01 13:01:30,048 - com.chin.wa.ChatAPIProtocol - INFO - Sent to 6289613501504@c.us
2018-08-01 13:01:30,849 - com.chin.wa.Controller - INFO - Select From Table Messages
2018-08-01 13:01:31,650 - com.chin.wa.Controller - INFO - Select From Table Messages
2018-08-01 13:01:32,450 - com.chin.wa.Controller - INFO - Select From Table Messages
2018-08-01 13:01:33,250 - com.chin.wa.Controller - INFO - Select From Table Messages
2018-08-01 13:01:34,050 - com.chin.wa.Controller - INFO - Select From Table Messages
2018-08-01 13:01:34,850 - com.chin.wa.Controller - INFO - Select From Table Messages
2018-08-01 13:33:32,257 - com.chin.wa.Configuration - INFO - Load config from resource: wa.properties
2018-08-01 13:33:32,693 - com.chin.wa.ConnectionManager - INFO - Trying to connect to database jdbc:mysql://localhost/whatsapp?autoReconnect=true&characterEncoding=UTF-8...
2018-08-01 13:33:33,041 - com.chin.wa.ConnectionManager - INFO - Connection attempt to database succeeded.
2018-08-01 13:33:33,056 - com.chin.wa.Controller - INFO - Select From Table Messages
2018-08-01 13:33:33,865 - com.chin.wa.Controller - INFO - Select From Table Messages
2018-08-01 13:33:34,672 - com.chin.wa.Controller - INFO - Select From Table Messages
2018-08-01 13:33:35,472 - com.chin.wa.Controller - INFO - Select From Table Messages
2018-08-01 13:33:36,282 - com.chin.wa.Controller - INFO - Select From Table Messages
2018-08-01 13:33:37,083 - com.chin.wa.Controller - INFO - Select From Table Messages
2018-08-01 13:33:37,884 - com.chin.wa.Controller - INFO - Select From Table Messages
2018-08-01 13:33:38,684 - com.chin.wa.Controller - INFO - Select From Table Messages
2018-08-01 13:33:39,485 - com.chin.wa.Controller - INFO - Select From Table Messages
2018-08-01 13:33:40,300 - com.chin.wa.Controller - INFO - Select From Table Messages
2018-08-01 13:33:41,105 - com.chin.wa.Controller - INFO - Select From Table Messages
2018-08-01 13:33:41,906 - com.chin.wa.Controller - INFO - Select From Table Messages
2018-08-01 13:33:42,717 - com.chin.wa.Controller - INFO - Select From Table Messages
2018-08-01 13:33:43,518 - com.chin.wa.Controller - INFO - Select From Table Messages
2018-08-01 13:33:44,318 - com.chin.wa.Controller - INFO - Select From Table Messages
2018-08-01 13:33:45,119 - com.chin.wa.Controller - INFO - Select From Table Messages
2018-08-01 13:33:45,931 - com.chin.wa.Controller - INFO - Select From Table Messages
2018-08-01 13:33:46,734 - com.chin.wa.Controller - INFO - Select From Table Messages
2018-08-01 13:33:47,544 - com.chin.wa.Controller - INFO - Select From Table Messages
2018-08-01 13:33:48,344 - com.chin.wa.Controller - INFO - Select From Table Messages
2018-08-01 13:33:49,151 - com.chin.wa.Controller - INFO - Select From Table Messages
2018-08-01 13:33:49,952 - com.chin.wa.Controller - INFO - Select From Table Messages
2018-08-01 13:33:50,757 - com.chin.wa.Controller - INFO - Select From Table Messages
2018-08-01 13:33:51,559 - com.chin.wa.Controller - INFO - Select From Table Messages
2018-08-01 13:33:51,825 - com.chin.wa.ChatAPIProtocol - INFO - https://eu10.chat-api.com/instance7868/message?token=7b31pkn2p00jdcqjphone=6289613501504&body=Testing 
2018-08-01 13:33:53,391 - com.chin.wa.ChatAPIProtocol - INFO - {"sent":true,"message":"Sent to 6289613501504@c.us"}
2018-08-01 13:33:53,451 - com.chin.wa.ChatAPIProtocol - INFO - Sent to 6289613501504@c.us
2018-08-01 13:33:54,263 - com.chin.wa.Controller - INFO - Select From Table Messages
2018-08-01 13:33:55,063 - com.chin.wa.Controller - INFO - Select From Table Messages
2018-08-01 13:33:55,878 - com.chin.wa.Controller - INFO - Select From Table Messages
2018-08-01 13:33:56,685 - com.chin.wa.Controller - INFO - Select From Table Messages
2018-08-01 13:33:57,485 - com.chin.wa.Controller - INFO - Select From Table Messages
2018-08-01 13:33:58,285 - com.chin.wa.Controller - INFO - Select From Table Messages
2018-08-01 13:33:59,100 - com.chin.wa.Controller - INFO - Select From Table Messages
2018-08-01 13:33:59,915 - com.chin.wa.Controller - INFO - Select From Table Messages
2018-08-01 13:34:00,716 - com.chin.wa.Controller - INFO - Select From Table Messages
2018-08-01 13:34:01,516 - com.chin.wa.Controller - INFO - Select From Table Messages
2018-08-01 13:34:02,334 - com.chin.wa.Controller - INFO - Select From Table Messages
2018-08-01 13:34:03,134 - com.chin.wa.Controller - INFO - Select From Table Messages
2018-08-01 13:34:03,935 - com.chin.wa.Controller - INFO - Select From Table Messages
2018-08-01 13:34:04,741 - com.chin.wa.Controller - INFO - Select From Table Messages
2018-08-01 13:34:05,542 - com.chin.wa.Controller - INFO - Select From Table Messages
2018-08-01 13:34:06,344 - com.chin.wa.Controller - INFO - Select From Table Messages
2018-08-01 13:34:07,159 - com.chin.wa.Controller - INFO - Select From Table Messages
2018-08-01 14:03:33,911 - com.chin.wa.Configuration - INFO - Load config from resource: wa.properties
2018-08-01 14:03:34,300 - com.chin.wa.ConnectionManager - INFO - Trying to connect to database jdbc:mysql://localhost/whatsapp?autoReconnect=true&characterEncoding=UTF-8...
2018-08-01 14:03:34,623 - com.chin.wa.ConnectionManager - INFO - Connection attempt to database succeeded.
2018-08-01 14:03:34,639 - com.chin.wa.Controller - INFO - Select From Table Messages
2018-08-01 14:03:35,439 - com.chin.wa.Controller - INFO - Select From Table Messages
2018-08-01 14:03:36,247 - com.chin.wa.Controller - INFO - Select From Table Messages
2018-08-01 14:03:37,047 - com.chin.wa.Controller - INFO - Select From Table Messages
2018-08-01 14:03:37,850 - com.chin.wa.Controller - INFO - Select From Table Messages
2018-08-01 14:03:38,652 - com.chin.wa.Controller - INFO - Select From Table Messages
2018-08-01 14:03:38,846 - com.chin.wa.ChatAPIProtocol - INFO - https://eu10.chat-api.com/instance7868/message?token=7b31pkn2p00jdcqjphone=6289613501504&body=Test From CMS Free
2018-08-01 14:03:39,999 - com.chin.wa.ChatAPIProtocol - INFO - {"sent":true,"message":"Sent to 6289613501504@c.us"}
2018-08-01 14:03:40,037 - com.chin.wa.ChatAPIProtocol - INFO - Sent to 6289613501504@c.us
2018-08-01 14:03:40,838 - com.chin.wa.Controller - INFO - Select From Table Messages
2018-08-01 14:03:41,640 - com.chin.wa.Controller - INFO - Select From Table Messages
2018-08-01 14:03:42,442 - com.chin.wa.Controller - INFO - Select From Table Messages
2018-08-01 14:03:43,255 - com.chin.wa.Controller - INFO - Select From Table Messages
2018-08-01 14:03:44,055 - com.chin.wa.Controller - INFO - Select From Table Messages
2018-08-01 14:03:44,862 - com.chin.wa.Controller - INFO - Select From Table Messages
2018-08-01 14:03:45,663 - com.chin.wa.Controller - INFO - Select From Table Messages
2018-08-01 14:03:46,464 - com.chin.wa.Controller - INFO - Select From Table Messages
2018-08-01 14:03:47,265 - com.chin.wa.Controller - INFO - Select From Table Messages
2018-08-01 14:03:48,066 - com.chin.wa.Controller - INFO - Select From Table Messages
2018-08-01 14:03:48,867 - com.chin.wa.Controller - INFO - Select From Table Messages
2018-08-01 14:03:49,669 - com.chin.wa.Controller - INFO - Select From Table Messages
2018-08-01 14:03:50,470 - com.chin.wa.Controller - INFO - Select From Table Messages
2018-08-01 14:03:51,273 - com.chin.wa.Controller - INFO - Select From Table Messages
2018-08-01 14:03:52,074 - com.chin.wa.Controller - INFO - Select From Table Messages
2018-08-01 14:03:52,875 - com.chin.wa.Controller - INFO - Select From Table Messages
2018-08-01 14:03:53,675 - com.chin.wa.Controller - INFO - Select From Table Messages
2018-08-01 14:03:54,476 - com.chin.wa.Controller - INFO - Select From Table Messages
2018-08-01 14:03:55,278 - com.chin.wa.Controller - INFO - Select From Table Messages
2018-08-01 14:03:56,080 - com.chin.wa.Controller - INFO - Select From Table Messages
2018-08-01 14:03:56,880 - com.chin.wa.Controller - INFO - Select From Table Messages
2018-08-01 14:03:57,681 - com.chin.wa.Controller - INFO - Select From Table Messages
2018-08-01 14:03:58,481 - com.chin.wa.Controller - INFO - Select From Table Messages
2018-08-01 14:03:59,282 - com.chin.wa.Controller - INFO - Select From Table Messages
2018-08-01 14:04:00,082 - com.chin.wa.Controller - INFO - Select From Table Messages
2018-08-01 14:04:00,884 - com.chin.wa.Controller - INFO - Select From Table Messages
2018-08-01 14:04:01,684 - com.chin.wa.Controller - INFO - Select From Table Messages
2018-08-01 14:04:02,486 - com.chin.wa.Controller - INFO - Select From Table Messages
2018-08-01 14:04:03,288 - com.chin.wa.Controller - INFO - Select From Table Messages
2018-08-01 14:04:04,089 - com.chin.wa.Controller - INFO - Select From Table Messages
2018-08-01 14:04:04,890 - com.chin.wa.Controller - INFO - Select From Table Messages
2018-08-01 14:04:05,691 - com.chin.wa.Controller - INFO - Select From Table Messages
2018-08-01 14:04:06,491 - com.chin.wa.Controller - INFO - Select From Table Messages
2018-08-01 14:04:07,292 - com.chin.wa.Controller - INFO - Select From Table Messages
2018-08-01 14:04:08,096 - com.chin.wa.Controller - INFO - Select From Table Messages
2018-08-01 14:04:08,898 - com.chin.wa.Controller - INFO - Select From Table Messages
2018-08-01 14:04:09,698 - com.chin.wa.Controller - INFO - Select From Table Messages
2018-08-01 14:04:10,499 - com.chin.wa.Controller - INFO - Select From Table Messages
2018-08-01 14:04:11,299 - com.chin.wa.Controller - INFO - Select From Table Messages
2018-08-01 14:04:12,101 - com.chin.wa.Controller - INFO - Select From Table Messages
2018-08-01 14:04:12,902 - com.chin.wa.Controller - INFO - Select From Table Messages
2018-08-01 14:49:24,935 - com.chin.wa.Configuration - INFO - Load config from resource: wa.properties
2018-08-01 14:49:25,860 - com.chin.wa.ConnectionManager - INFO - Trying to connect to database jdbc:mysql://localhost/whatsapp?autoReconnect=true&characterEncoding=UTF-8...
2018-08-01 14:49:26,336 - com.chin.wa.ConnectionManager - INFO - Connection attempt to database succeeded.
2018-08-01 14:49:26,374 - com.chin.wa.Controller - INFO - Select From Table Messages
2018-08-01 14:49:27,176 - com.chin.wa.Controller - INFO - Select From Table Messages
2018-08-01 14:49:27,978 - com.chin.wa.Controller - INFO - Select From Table Messages
2018-08-01 14:49:28,779 - com.chin.wa.Controller - INFO - Select From Table Messages
2018-08-01 14:49:29,582 - com.chin.wa.Controller - INFO - Select From Table Messages
2018-08-01 14:49:30,383 - com.chin.wa.Controller - INFO - Select From Table Messages
2018-08-01 14:49:31,184 - com.chin.wa.Controller - INFO - Select From Table Messages
2018-08-01 14:49:31,986 - com.chin.wa.Controller - INFO - Select From Table Messages
2018-08-01 14:49:32,787 - com.chin.wa.Controller - INFO - Select From Table Messages
2018-08-01 14:49:33,588 - com.chin.wa.Controller - INFO - Select From Table Messages
2018-08-01 14:49:34,389 - com.chin.wa.Controller - INFO - Select From Table Messages
2018-08-01 14:49:35,190 - com.chin.wa.Controller - INFO - Select From Table Messages
2018-08-01 14:49:35,463 - com.chin.wa.ChatAPIProtocol - INFO - https://eu10.chat-api.com/instance7868/message?token=7b31pkn2p00jdcqjphone=6289613501504&body=testing
2018-08-01 14:49:36,574 - com.chin.wa.ChatAPIProtocol - INFO - {"sent":true,"message":"Sent to 6289613501504@c.us"}
2018-08-01 14:49:36,743 - com.chin.wa.ChatAPIProtocol - INFO - Sent to 6289613501504@c.us
2018-08-01 14:49:37,543 - com.chin.wa.Controller - INFO - Select From Table Messages
2018-08-01 14:49:38,345 - com.chin.wa.Controller - INFO - Select From Table Messages
2018-08-01 14:49:39,146 - com.chin.wa.Controller - INFO - Select From Table Messages
2018-08-01 14:49:39,948 - com.chin.wa.Controller - INFO - Select From Table Messages
2018-08-01 14:49:40,749 - com.chin.wa.Controller - INFO - Select From Table Messages
2018-08-01 14:49:41,551 - com.chin.wa.Controller - INFO - Select From Table Messages
2018-08-01 14:49:42,352 - com.chin.wa.Controller - INFO - Select From Table Messages
2018-08-01 14:49:43,152 - com.chin.wa.Controller - INFO - Select From Table Messages
2018-08-01 14:49:43,954 - com.chin.wa.Controller - INFO - Select From Table Messages
2018-08-01 14:49:44,756 - com.chin.wa.Controller - INFO - Select From Table Messages
2018-08-01 14:49:45,557 - com.chin.wa.Controller - INFO - Select From Table Messages
2018-08-01 14:49:46,358 - com.chin.wa.Controller - INFO - Select From Table Messages
2018-08-01 14:49:47,159 - com.chin.wa.Controller - INFO - Select From Table Messages
2018-08-01 14:49:47,961 - com.chin.wa.Controller - INFO - Select From Table Messages
2018-08-01 14:49:48,763 - com.chin.wa.Controller - INFO - Select From Table Messages
2018-08-01 14:49:49,563 - com.chin.wa.Controller - INFO - Select From Table Messages
2018-08-01 14:49:50,364 - com.chin.wa.Controller - INFO - Select From Table Messages
2018-08-01 14:49:51,169 - com.chin.wa.Controller - INFO - Select From Table Messages
2018-08-01 14:49:51,970 - com.chin.wa.Controller - INFO - Select From Table Messages
2018-08-01 14:49:52,772 - com.chin.wa.Controller - INFO - Select From Table Messages
2018-08-01 14:49:53,573 - com.chin.wa.Controller - INFO - Select From Table Messages
2018-08-01 14:49:54,374 - com.chin.wa.Controller - INFO - Select From Table Messages
2018-08-01 14:49:55,175 - com.chin.wa.Controller - INFO - Select From Table Messages
2018-08-01 14:49:55,977 - com.chin.wa.Controller - INFO - Select From Table Messages
2018-08-01 14:49:56,779 - com.chin.wa.Controller - INFO - Select From Table Messages
2018-08-01 14:49:57,580 - com.chin.wa.Controller - INFO - Select From Table Messages
2018-08-01 14:49:58,380 - com.chin.wa.Controller - INFO - Select From Table Messages
2018-08-01 14:49:59,184 - com.chin.wa.Controller - INFO - Select From Table Messages
2018-08-01 14:49:59,986 - com.chin.wa.Controller - INFO - Select From Table Messages
2018-08-01 14:50:00,786 - com.chin.wa.Controller - INFO - Select From Table Messages
2018-08-01 14:50:01,588 - com.chin.wa.Controller - INFO - Select From Table Messages
2018-08-01 14:50:02,388 - com.chin.wa.Controller - INFO - Select From Table Messages
2018-08-01 14:50:03,189 - com.chin.wa.Controller - INFO - Select From Table Messages
2018-08-01 14:50:03,990 - com.chin.wa.Controller - INFO - Select From Table Messages
2018-08-01 14:50:04,792 - com.chin.wa.Controller - INFO - Select From Table Messages
2018-08-01 14:50:05,593 - com.chin.wa.Controller - INFO - Select From Table Messages
2018-08-01 14:50:06,394 - com.chin.wa.Controller - INFO - Select From Table Messages
2018-08-01 14:50:07,196 - com.chin.wa.Controller - INFO - Select From Table Messages
2018-08-01 14:50:07,996 - com.chin.wa.Controller - INFO - Select From Table Messages
2018-08-01 14:50:08,797 - com.chin.wa.Controller - INFO - Select From Table Messages
2018-08-01 14:50:09,597 - com.chin.wa.Controller - INFO - Select From Table Messages
2018-08-01 14:50:10,398 - com.chin.wa.Controller - INFO - Select From Table Messages
2018-08-01 14:50:11,198 - com.chin.wa.Controller - INFO - Select From Table Messages
2018-08-01 14:50:11,998 - com.chin.wa.Controller - INFO - Select From Table Messages
2018-08-01 14:50:12,799 - com.chin.wa.Controller - INFO - Select From Table Messages
2018-08-01 14:50:13,600 - com.chin.wa.Controller - INFO - Select From Table Messages
2018-08-01 14:50:14,401 - com.chin.wa.Controller - INFO - Select From Table Messages
2018-08-01 14:50:15,203 - com.chin.wa.Controller - INFO - Select From Table Messages
2018-08-01 14:50:16,003 - com.chin.wa.Controller - INFO - Select From Table Messages
2018-08-01 14:50:16,805 - com.chin.wa.Controller - INFO - Select From Table Messages
2018-08-01 14:51:08,945 - com.chin.wa.Configuration - INFO - Load config from resource: wa.properties
2018-08-01 14:51:09,392 - com.chin.wa.ConnectionManager - INFO - Trying to connect to database jdbc:mysql://localhost/whatsapp?autoReconnect=true&characterEncoding=UTF-8...
2018-08-01 14:51:09,742 - com.chin.wa.ConnectionManager - INFO - Connection attempt to database succeeded.
2018-08-01 14:51:09,744 - com.chin.wa.Controller - INFO - Select From Table Messages
2018-08-01 14:51:10,546 - com.chin.wa.Controller - INFO - Select From Table Messages
2018-08-01 14:51:11,347 - com.chin.wa.Controller - INFO - Select From Table Messages
2018-08-01 14:51:12,148 - com.chin.wa.Controller - INFO - Select From Table Messages
2018-08-01 14:51:12,952 - com.chin.wa.Controller - INFO - Select From Table Messages
2018-08-01 14:51:13,753 - com.chin.wa.Controller - INFO - Select From Table Messages
2018-08-01 14:51:14,555 - com.chin.wa.Controller - INFO - Select From Table Messages
2018-08-01 14:51:15,356 - com.chin.wa.Controller - INFO - Select From Table Messages
2018-08-01 14:51:16,157 - com.chin.wa.Controller - INFO - Select From Table Messages
2018-08-01 14:51:16,957 - com.chin.wa.Controller - INFO - Select From Table Messages
2018-08-01 14:51:17,759 - com.chin.wa.Controller - INFO - Select From Table Messages
2018-08-01 14:51:18,560 - com.chin.wa.Controller - INFO - Select From Table Messages
2018-08-01 14:51:19,361 - com.chin.wa.Controller - INFO - Select From Table Messages
2018-08-01 14:51:20,161 - com.chin.wa.Controller - INFO - Select From Table Messages
2018-08-01 14:51:20,962 - com.chin.wa.Controller - INFO - Select From Table Messages
2018-08-01 14:51:21,763 - com.chin.wa.Controller - INFO - Select From Table Messages
2018-08-01 14:51:22,564 - com.chin.wa.Controller - INFO - Select From Table Messages
2018-08-01 14:51:23,366 - com.chin.wa.Controller - INFO - Select From Table Messages
2018-08-01 14:51:23,591 - com.chin.wa.ChatAPIProtocol - INFO - https://eu9.chat-api.com/instance8111/message?token=86p03sqihgcswv24phone=6289613501504&body=Test New Token
2018-08-01 14:51:25,055 - com.chin.wa.ChatAPIProtocol - INFO - {"sent":true,"message":"Sent to 6289613501504@c.us","queueNumber":1}
2018-08-01 14:51:25,102 - com.chin.wa.ChatAPIProtocol - INFO - Sent to 6289613501504@c.us
2018-08-01 14:51:25,903 - com.chin.wa.Controller - INFO - Select From Table Messages
2018-08-01 14:51:26,703 - com.chin.wa.Controller - INFO - Select From Table Messages
2018-08-01 14:51:27,504 - com.chin.wa.Controller - INFO - Select From Table Messages
2018-08-01 14:51:28,307 - com.chin.wa.Controller - INFO - Select From Table Messages
2018-08-01 14:51:29,108 - com.chin.wa.Controller - INFO - Select From Table Messages
2018-08-01 14:51:29,910 - com.chin.wa.Controller - INFO - Select From Table Messages
2018-08-01 14:51:30,711 - com.chin.wa.Controller - INFO - Select From Table Messages
2018-08-01 14:51:31,511 - com.chin.wa.Controller - INFO - Select From Table Messages
2018-08-01 14:51:32,312 - com.chin.wa.Controller - INFO - Select From Table Messages
2018-08-01 14:51:33,114 - com.chin.wa.Controller - INFO - Select From Table Messages
2018-08-01 14:51:33,914 - com.chin.wa.Controller - INFO - Select From Table Messages
2018-08-01 14:51:34,714 - com.chin.wa.Controller - INFO - Select From Table Messages
2018-08-01 14:51:35,516 - com.chin.wa.Controller - INFO - Select From Table Messages
2018-08-01 14:51:36,317 - com.chin.wa.Controller - INFO - Select From Table Messages
2018-08-01 14:51:37,118 - com.chin.wa.Controller - INFO - Select From Table Messages
2018-08-01 14:51:37,920 - com.chin.wa.Controller - INFO - Select From Table Messages
2018-08-01 14:51:38,720 - com.chin.wa.Controller - INFO - Select From Table Messages
2018-08-01 14:51:39,521 - com.chin.wa.Controller - INFO - Select From Table Messages
2018-08-01 14:51:40,322 - com.chin.wa.Controller - INFO - Select From Table Messages
2018-08-01 14:51:41,124 - com.chin.wa.Controller - INFO - Select From Table Messages
2018-08-01 14:51:41,924 - com.chin.wa.Controller - INFO - Select From Table Messages
2018-08-01 14:51:42,730 - com.chin.wa.Controller - INFO - Select From Table Messages
2018-08-01 14:51:43,530 - com.chin.wa.Controller - INFO - Select From Table Messages
2018-08-01 14:51:44,332 - com.chin.wa.Controller - INFO - Select From Table Messages
2018-08-01 14:51:45,134 - com.chin.wa.Controller - INFO - Select From Table Messages
2018-08-01 14:51:45,935 - com.chin.wa.Controller - INFO - Select From Table Messages
2018-08-01 14:51:46,735 - com.chin.wa.Controller - INFO - Select From Table Messages
2018-08-01 14:51:47,536 - com.chin.wa.Controller - INFO - Select From Table Messages
2018-08-01 14:51:48,337 - com.chin.wa.Controller - INFO - Select From Table Messages
2018-08-01 14:51:49,137 - com.chin.wa.Controller - INFO - Select From Table Messages
2018-08-01 14:51:49,937 - com.chin.wa.Controller - INFO - Select From Table Messages
2018-08-01 14:51:50,738 - com.chin.wa.Controller - INFO - Select From Table Messages
2018-08-01 14:51:51,538 - com.chin.wa.Controller - INFO - Select From Table Messages
2018-08-01 14:51:52,339 - com.chin.wa.Controller - INFO - Select From Table Messages
2018-08-01 14:51:53,139 - com.chin.wa.Controller - INFO - Select From Table Messages
2018-08-01 14:51:53,940 - com.chin.wa.Controller - INFO - Select From Table Messages
2018-08-01 14:51:54,740 - com.chin.wa.Controller - INFO - Select From Table Messages
2018-08-01 14:51:55,540 - com.chin.wa.Controller - INFO - Select From Table Messages
2018-08-01 14:51:56,341 - com.chin.wa.Controller - INFO - Select From Table Messages
2018-08-01 14:51:57,142 - com.chin.wa.Controller - INFO - Select From Table Messages
2018-08-01 14:51:57,943 - com.chin.wa.Controller - INFO - Select From Table Messages
2018-08-01 14:51:58,743 - com.chin.wa.Controller - INFO - Select From Table Messages
2018-08-01 14:51:59,544 - com.chin.wa.Controller - INFO - Select From Table Messages
2018-08-01 14:52:00,345 - com.chin.wa.Controller - INFO - Select From Table Messages
2018-08-01 14:52:01,146 - com.chin.wa.Controller - INFO - Select From Table Messages
2018-08-01 14:52:01,946 - com.chin.wa.Controller - INFO - Select From Table Messages
2018-08-01 14:52:02,747 - com.chin.wa.Controller - INFO - Select From Table Messages
2018-08-01 14:52:03,549 - com.chin.wa.Controller - INFO - Select From Table Messages
2018-08-01 14:52:04,349 - com.chin.wa.Controller - INFO - Select From Table Messages
2018-08-01 14:52:05,150 - com.chin.wa.Controller - INFO - Select From Table Messages
2018-08-01 14:52:05,950 - com.chin.wa.Controller - INFO - Select From Table Messages
2018-08-01 14:52:06,751 - com.chin.wa.Controller - INFO - Select From Table Messages
2018-08-01 14:52:07,552 - com.chin.wa.Controller - INFO - Select From Table Messages
2018-08-01 14:52:08,353 - com.chin.wa.Controller - INFO - Select From Table Messages
2018-08-01 14:52:09,153 - com.chin.wa.Controller - INFO - Select From Table Messages
2018-08-01 14:52:09,954 - com.chin.wa.Controller - INFO - Select From Table Messages
2018-08-01 14:52:10,755 - com.chin.wa.Controller - INFO - Select From Table Messages
2018-08-01 14:52:11,556 - com.chin.wa.Controller - INFO - Select From Table Messages
2018-08-01 14:52:12,357 - com.chin.wa.Controller - INFO - Select From Table Messages
2018-08-01 14:52:13,158 - com.chin.wa.Controller - INFO - Select From Table Messages
2018-08-01 14:52:13,959 - com.chin.wa.Controller - INFO - Select From Table Messages
2018-08-01 14:52:14,760 - com.chin.wa.Controller - INFO - Select From Table Messages
2018-08-01 14:52:15,560 - com.chin.wa.Controller - INFO - Select From Table Messages
2018-08-01 14:52:16,361 - com.chin.wa.Controller - INFO - Select From Table Messages
2018-08-01 14:52:17,161 - com.chin.wa.Controller - INFO - Select From Table Messages
2018-08-01 14:52:17,962 - com.chin.wa.Controller - INFO - Select From Table Messages
2018-08-01 14:52:18,762 - com.chin.wa.Controller - INFO - Select From Table Messages
2018-08-01 14:52:19,563 - com.chin.wa.Controller - INFO - Select From Table Messages
2018-08-01 14:52:20,366 - com.chin.wa.Controller - INFO - Select From Table Messages
2018-08-01 14:52:21,169 - com.chin.wa.Controller - INFO - Select From Table Messages
2018-08-01 14:52:21,970 - com.chin.wa.Controller - INFO - Select From Table Messages
2018-08-01 14:52:22,770 - com.chin.wa.Controller - INFO - Select From Table Messages
2018-08-01 14:52:23,571 - com.chin.wa.Controller - INFO - Select From Table Messages
2018-08-01 14:52:24,372 - com.chin.wa.Controller - INFO - Select From Table Messages
2018-08-01 14:52:25,173 - com.chin.wa.Controller - INFO - Select From Table Messages
2018-08-01 14:52:25,974 - com.chin.wa.Controller - INFO - Select From Table Messages
2018-08-01 14:52:26,774 - com.chin.wa.Controller - INFO - Select From Table Messages
2018-08-01 14:52:27,574 - com.chin.wa.Controller - INFO - Select From Table Messages
2018-08-01 14:52:28,375 - com.chin.wa.Controller - INFO - Select From Table Messages
2018-08-01 14:52:29,204 - com.chin.wa.Controller - INFO - Select From Table Messages
2018-08-01 14:52:30,005 - com.chin.wa.Controller - INFO - Select From Table Messages
2018-08-01 14:52:30,806 - com.chin.wa.Controller - INFO - Select From Table Messages
2018-08-01 14:52:31,606 - com.chin.wa.Controller - INFO - Select From Table Messages
2018-08-01 14:52:32,408 - com.chin.wa.Controller - INFO - Select From Table Messages
2018-08-01 14:52:33,209 - com.chin.wa.Controller - INFO - Select From Table Messages
2018-08-01 14:52:34,009 - com.chin.wa.Controller - INFO - Select From Table Messages
2018-08-01 14:52:34,810 - com.chin.wa.Controller - INFO - Select From Table Messages
2018-08-01 14:52:35,611 - com.chin.wa.Controller - INFO - Select From Table Messages
2018-08-01 14:52:36,411 - com.chin.wa.Controller - INFO - Select From Table Messages
2018-08-01 14:52:37,212 - com.chin.wa.Controller - INFO - Select From Table Messages
2018-08-01 14:52:38,012 - com.chin.wa.Controller - INFO - Select From Table Messages
2018-08-01 14:52:38,813 - com.chin.wa.Controller - INFO - Select From Table Messages
2018-08-01 14:52:39,614 - com.chin.wa.Controller - INFO - Select From Table Messages
2018-08-01 14:52:40,415 - com.chin.wa.Controller - INFO - Select From Table Messages
2018-08-01 14:52:41,215 - com.chin.wa.Controller - INFO - Select From Table Messages
2018-08-01 14:52:42,017 - com.chin.wa.Controller - INFO - Select From Table Messages
2018-08-01 14:52:42,818 - com.chin.wa.Controller - INFO - Select From Table Messages
2018-08-01 14:52:43,619 - com.chin.wa.Controller - INFO - Select From Table Messages
2018-08-01 14:52:44,420 - com.chin.wa.Controller - INFO - Select From Table Messages
2018-08-01 14:52:45,221 - com.chin.wa.Controller - INFO - Select From Table Messages
2018-08-01 14:52:46,023 - com.chin.wa.Controller - INFO - Select From Table Messages
2018-08-01 14:52:46,824 - com.chin.wa.Controller - INFO - Select From Table Messages
2018-08-01 14:52:47,625 - com.chin.wa.Controller - INFO - Select From Table Messages
2018-08-01 14:52:48,427 - com.chin.wa.Controller - INFO - Select From Table Messages
2018-08-01 14:52:49,228 - com.chin.wa.Controller - INFO - Select From Table Messages
2018-08-01 14:52:50,029 - com.chin.wa.Controller - INFO - Select From Table Messages
2018-08-01 14:52:50,831 - com.chin.wa.Controller - INFO - Select From Table Messages
2018-08-01 14:52:51,633 - com.chin.wa.Controller - INFO - Select From Table Messages
2018-08-01 14:52:52,433 - com.chin.wa.Controller - INFO - Select From Table Messages
2018-08-01 14:52:53,234 - com.chin.wa.Controller - INFO - Select From Table Messages
2018-08-01 14:52:54,035 - com.chin.wa.Controller - INFO - Select From Table Messages
2018-08-01 14:52:54,835 - com.chin.wa.Controller - INFO - Select From Table Messages
2018-08-01 14:52:55,637 - com.chin.wa.Controller - INFO - Select From Table Messages
2018-08-01 14:52:56,437 - com.chin.wa.Controller - INFO - Select From Table Messages
2018-08-01 14:52:57,238 - com.chin.wa.Controller - INFO - Select From Table Messages
2018-08-01 14:52:58,038 - com.chin.wa.Controller - INFO - Select From Table Messages
